"../../../../../../Users/Thunder/workspace/GameStuff/ForSakenFuture/Content/BluePrints/ServerSettings.uasset" 0
"../../../Engine/Content/EditorBlueprintResources/StandardMacros.uasset" 1
"../../../../../../Users/Thunder/workspace/GameStuff/ForSakenFuture/Content/BluePrints/PlayersGender.uasset" 2
"../../../../../../Users/Thunder/workspace/GameStuff/ForSakenFuture/Content/BluePrints/PlayersTeam.uasset" 3
"../../../../../../Users/Thunder/workspace/GameStuff/ForSakenFuture/Content/BluePrints/PlayerInfo.uasset" 4
"../../../../../../Users/Thunder/workspace/GameStuff/ForSakenFuture/Content/BluePrints/FF_SaveGame.uasset" 5
"../../../../../../Users/Thunder/workspace/GameStuff/ForSakenFuture/Content/Ui/Fonts/BOYCOTT_.uasset" 6
"../../../../../../Users/Thunder/workspace/GameStuff/ForSakenFuture/Content/Ui/Fonts/BOYCOTT__Font.uasset" 7
"../../../../../../Users/Thunder/workspace/GameStuff/ForSakenFuture/Content/Ui/Images/FF_Back.uasset" 8
"../../../../../../Users/Thunder/workspace/GameStuff/ForSakenFuture/Content/Ui/MainMenu/HostGame.uasset" 9
"../../../../../../Users/Thunder/workspace/GameStuff/ForSakenFuture/Content/Ui/MainMenu/MainMenu.uasset" 10
"../../../../../../Users/Thunder/workspace/GameStuff/ForSakenFuture/Content/Ui/MainMenu/Searching/ServerSearchButton.uasset" 11
"../../../../../../Users/Thunder/workspace/GameStuff/ForSakenFuture/Content/Ui/MainMenu/Searching/ServerScrollBox.uasset" 12
"../../../../../../Users/Thunder/workspace/GameStuff/ForSakenFuture/Content/Ui/MainMenu/OnlineMenu.uasset" 13
"../../../../../../Users/Thunder/workspace/GameStuff/ForSakenFuture/Content/Ui/MainMenu/PlayerSettings.uasset" 14
"../../../../../../Users/Thunder/workspace/GameStuff/ForSakenFuture/Content/BluePrints/FF_GameInstance.uasset" 15
"../../../../../../Users/Thunder/workspace/GameStuff/ForSakenFuture/Content/BluePrints/Game/FF_PlayerController.uasset" 16
"../../../../../../Users/Thunder/workspace/GameStuff/ForSakenFuture/Content/Ui/Ingame/CharacterScreen.uasset" 17
"../../../../../../Users/Thunder/workspace/GameStuff/ForSakenFuture/Content/BluePrints/Game/StartPawn.uasset" 18
"../../../../../../Users/Thunder/workspace/GameStuff/ForSakenFuture/Content/Materials/Terrain/textures/temperate_Textures/dirt3.uasset" 19
"../../../../../../Users/Thunder/workspace/GameStuff/ForSakenFuture/Content/Materials/Terrain/textures/temperate_Textures/dirt3_AO.uasset" 20
"../../../../../../Users/Thunder/workspace/GameStuff/ForSakenFuture/Content/Materials/Terrain/textures/temperate_Textures/dirt3_DISP.uasset" 21
"../../../../../../Users/Thunder/workspace/GameStuff/ForSakenFuture/Content/Materials/Terrain/textures/temperate_Textures/dirt3_NORM.uasset" 22
"../../../../../../Users/Thunder/workspace/GameStuff/ForSakenFuture/Content/Materials/Terrain/textures/temperate_Textures/dirt3_SPEC.uasset" 23
"../../../../../../Users/Thunder/workspace/GameStuff/ForSakenFuture/Content/Materials/Terrain/Dirt3.uasset" 24
"../../../../../../Users/Thunder/workspace/GameStuff/ForSakenFuture/Content/Materials/Terrain/Rocky_Sand.uasset" 25
"../../../../../../Users/Thunder/workspace/GameStuff/ForSakenFuture/Content/Materials/Terrain/textures/temperate_Textures/Brown_rocky_sand.uasset" 26
"../../../../../../Users/Thunder/workspace/GameStuff/ForSakenFuture/Content/Materials/Terrain/textures/temperate_Textures/Brown_rocky_sand_AO.uasset" 27
"../../../../../../Users/Thunder/workspace/GameStuff/ForSakenFuture/Content/Materials/Terrain/textures/temperate_Textures/Brown_rocky_sand_DISP.uasset" 28
"../../../../../../Users/Thunder/workspace/GameStuff/ForSakenFuture/Content/Materials/Terrain/textures/temperate_Textures/Brown_rocky_sand_NORM.uasset" 29
"../../../../../../Users/Thunder/workspace/GameStuff/ForSakenFuture/Content/Materials/Terrain/textures/temperate_Textures/Brown_rocky_sand_Rough.uasset" 30
"../../../../../../Users/Thunder/workspace/GameStuff/ForSakenFuture/Content/Materials/Terrain/textures/temperate_Textures/Brown_rocky_sand_SPEC.uasset" 31
"../../../../../../Users/Thunder/workspace/GameStuff/ForSakenFuture/Content/Materials/Terrain/textures/temperate_Textures/dirt_m04cmp_brown.uasset" 32
"../../../../../../Users/Thunder/workspace/GameStuff/ForSakenFuture/Content/Materials/Terrain/textures/temperate_Textures/dirt_m04cmp_brown_AO.uasset" 33
"../../../../../../Users/Thunder/workspace/GameStuff/ForSakenFuture/Content/Materials/Terrain/textures/temperate_Textures/dirt_m04cmp_brown_DISP.uasset" 34
"../../../../../../Users/Thunder/workspace/GameStuff/ForSakenFuture/Content/Materials/Terrain/textures/temperate_Textures/dirt_m04cmp_brown_NORM.uasset" 35
"../../../../../../Users/Thunder/workspace/GameStuff/ForSakenFuture/Content/Materials/Terrain/textures/temperate_Textures/dirt_m04cmp_brown_SPEC.uasset" 36
"../../../../../../Users/Thunder/workspace/GameStuff/ForSakenFuture/Content/Materials/Terrain/textures/temperate_Textures/grass_dense1.uasset" 37
"../../../../../../Users/Thunder/workspace/GameStuff/ForSakenFuture/Content/Materials/Terrain/textures/temperate_Textures/grass_dense1_AO.uasset" 38
"../../../../../../Users/Thunder/workspace/GameStuff/ForSakenFuture/Content/Materials/Terrain/textures/temperate_Textures/grass_dense1_DISP.uasset" 39
"../../../../../../Users/Thunder/workspace/GameStuff/ForSakenFuture/Content/Materials/Terrain/textures/temperate_Textures/grass_dense1_NORM.uasset" 40
"../../../../../../Users/Thunder/workspace/GameStuff/ForSakenFuture/Content/Materials/Terrain/textures/temperate_Textures/grass_dense1_SPEC.uasset" 41
"../../../../../../Users/Thunder/workspace/GameStuff/ForSakenFuture/Content/Materials/Terrain/textures/temperate_Textures/grass_path1.uasset" 42
"../../../../../../Users/Thunder/workspace/GameStuff/ForSakenFuture/Content/Materials/Terrain/textures/temperate_Textures/grass_path1_AO.uasset" 43
"../../../../../../Users/Thunder/workspace/GameStuff/ForSakenFuture/Content/Materials/Terrain/textures/temperate_Textures/grass_path1_DISP.uasset" 44
"../../../../../../Users/Thunder/workspace/GameStuff/ForSakenFuture/Content/Materials/Terrain/textures/temperate_Textures/grass_path1_NORM.uasset" 45
"../../../../../../Users/Thunder/workspace/GameStuff/ForSakenFuture/Content/Materials/Terrain/textures/temperate_Textures/grass_path1_SPEC.uasset" 46
"../../../../../../Users/Thunder/workspace/GameStuff/ForSakenFuture/Content/Materials/Terrain/textures/temperate_Textures/master_grass_dirt3.uasset" 47
"../../../../../../Users/Thunder/workspace/GameStuff/ForSakenFuture/Content/Materials/Terrain/textures/temperate_Textures/master_grass_dirt3_AO.uasset" 48
"../../../../../../Users/Thunder/workspace/GameStuff/ForSakenFuture/Content/Materials/Terrain/textures/temperate_Textures/master_grass_dirt3_DISP.uasset" 49
"../../../../../../Users/Thunder/workspace/GameStuff/ForSakenFuture/Content/Materials/Terrain/textures/temperate_Textures/master_grass_dirt3_NORM.uasset" 50
"../../../../../../Users/Thunder/workspace/GameStuff/ForSakenFuture/Content/Materials/Terrain/textures/temperate_Textures/master_grass_dirt3_SPEC.uasset" 51
"../../../../../../Users/Thunder/workspace/GameStuff/ForSakenFuture/Content/Materials/Terrain/textures/temperate_Textures/road_bigpuddle.uasset" 52
"../../../../../../Users/Thunder/workspace/GameStuff/ForSakenFuture/Content/Materials/Terrain/textures/temperate_Textures/road_bigpuddle_AO.uasset" 53
"../../../../../../Users/Thunder/workspace/GameStuff/ForSakenFuture/Content/Materials/Terrain/textures/temperate_Textures/road_bigpuddle_DISP.uasset" 54
"../../../../../../Users/Thunder/workspace/GameStuff/ForSakenFuture/Content/Materials/Terrain/textures/temperate_Textures/road_bigpuddle_NORM.uasset" 55
"../../../../../../Users/Thunder/workspace/GameStuff/ForSakenFuture/Content/Materials/Terrain/textures/temperate_Textures/road_bigpuddle_SPEC.uasset" 56
"../../../../../../Users/Thunder/workspace/GameStuff/ForSakenFuture/Content/Materials/Terrain/textures/temperate_Textures/road_puddle1.uasset" 57
"../../../../../../Users/Thunder/workspace/GameStuff/ForSakenFuture/Content/Materials/Terrain/textures/temperate_Textures/road_puddle1_AO.uasset" 58
"../../../../../../Users/Thunder/workspace/GameStuff/ForSakenFuture/Content/Materials/Terrain/textures/temperate_Textures/road_puddle1_DISP.uasset" 59
"../../../../../../Users/Thunder/workspace/GameStuff/ForSakenFuture/Content/Materials/Terrain/textures/temperate_Textures/road_puddle1_NORM.uasset" 60
"../../../../../../Users/Thunder/workspace/GameStuff/ForSakenFuture/Content/Materials/Terrain/textures/temperate_Textures/road_puddle1_SPEC.uasset" 61
"../../../../../../Users/Thunder/workspace/GameStuff/ForSakenFuture/Content/Materials/Terrain/textures/temperate_Textures/rocky_sand.uasset" 62
"../../../../../../Users/Thunder/workspace/GameStuff/ForSakenFuture/Content/Materials/Terrain/textures/temperate_Textures/rocky_sand_AO.uasset" 63
"../../../../../../Users/Thunder/workspace/GameStuff/ForSakenFuture/Content/Materials/Terrain/textures/temperate_Textures/rocky_sand_DISP.uasset" 64
"../../../../../../Users/Thunder/workspace/GameStuff/ForSakenFuture/Content/Materials/Terrain/textures/temperate_Textures/rocky_sand_NORM.uasset" 65
"../../../../../../Users/Thunder/workspace/GameStuff/ForSakenFuture/Content/Materials/Terrain/textures/temperate_Textures/rocky_sand_SPEC.uasset" 66
"../../../../../../Users/Thunder/workspace/GameStuff/ForSakenFuture/Content/Materials/Terrain/textures/temperate_Textures/rock_graynoise.uasset" 67
"../../../../../../Users/Thunder/workspace/GameStuff/ForSakenFuture/Content/Materials/Terrain/textures/temperate_Textures/rock_graynoise_AO.uasset" 68
"../../../../../../Users/Thunder/workspace/GameStuff/ForSakenFuture/Content/Materials/Terrain/textures/temperate_Textures/rock_graynoise_DISP.uasset" 69
"../../../../../../Users/Thunder/workspace/GameStuff/ForSakenFuture/Content/Materials/Terrain/textures/temperate_Textures/rock_graynoise_NORM.uasset" 70
"../../../../../../Users/Thunder/workspace/GameStuff/ForSakenFuture/Content/Materials/Terrain/textures/temperate_Textures/rock_graynoise_SPEC.uasset" 71
"../../../../../../Users/Thunder/workspace/GameStuff/ForSakenFuture/Content/Materials/Terrain/textures/temperate_Textures/rock_grayvar.uasset" 72
"../../../../../../Users/Thunder/workspace/GameStuff/ForSakenFuture/Content/Materials/Terrain/textures/temperate_Textures/rock_grayvar_AO.uasset" 73
"../../../../../../Users/Thunder/workspace/GameStuff/ForSakenFuture/Content/Materials/Terrain/textures/temperate_Textures/rock_grayvar_DISP.uasset" 74
"../../../../../../Users/Thunder/workspace/GameStuff/ForSakenFuture/Content/Materials/Terrain/textures/temperate_Textures/rock_grayvar_NORM.uasset" 75
"../../../../../../Users/Thunder/workspace/GameStuff/ForSakenFuture/Content/Materials/Terrain/textures/temperate_Textures/rock_grayvar_SPEC.uasset" 76
"../../../../../../Users/Thunder/workspace/GameStuff/ForSakenFuture/Content/Materials/Terrain/textures/temperate_Textures/rock_ugly_brown.uasset" 77
"../../../../../../Users/Thunder/workspace/GameStuff/ForSakenFuture/Content/Materials/Terrain/textures/temperate_Textures/rock_ugly_brown_AO.uasset" 78
"../../../../../../Users/Thunder/workspace/GameStuff/ForSakenFuture/Content/Materials/Terrain/textures/temperate_Textures/rock_ugly_brown_DISP.uasset" 79
"../../../../../../Users/Thunder/workspace/GameStuff/ForSakenFuture/Content/Materials/Terrain/textures/temperate_Textures/rock_ugly_brown_NORM.uasset" 80
"../../../../../../Users/Thunder/workspace/GameStuff/ForSakenFuture/Content/Materials/Terrain/textures/temperate_Textures/rock_ugly_brown_SPEC.uasset" 81
"../../../../../../Users/Thunder/workspace/GameStuff/ForSakenFuture/Content/Materials/Terrain/textures/temperate_Textures/sand_bubbles_bright.uasset" 82
"../../../../../../Users/Thunder/workspace/GameStuff/ForSakenFuture/Content/Materials/Terrain/textures/temperate_Textures/sand_bubbles_bright_AO.uasset" 83
"../../../../../../Users/Thunder/workspace/GameStuff/ForSakenFuture/Content/Materials/Terrain/textures/temperate_Textures/sand_bubbles_bright_DISP.uasset" 84
"../../../../../../Users/Thunder/workspace/GameStuff/ForSakenFuture/Content/Materials/Terrain/textures/temperate_Textures/sand_bubbles_bright_NORM.uasset" 85
"../../../../../../Users/Thunder/workspace/GameStuff/ForSakenFuture/Content/Materials/Terrain/textures/temperate_Textures/sand_bubbles_bright_SPEC.uasset" 86
"../../../../../../Users/Thunder/workspace/GameStuff/ForSakenFuture/Content/Materials/Terrain/textures/temperate_Textures/sand_disturb_bright.uasset" 87
"../../../../../../Users/Thunder/workspace/GameStuff/ForSakenFuture/Content/Materials/Terrain/textures/temperate_Textures/sand_disturb_bright_AO.uasset" 88
"../../../../../../Users/Thunder/workspace/GameStuff/ForSakenFuture/Content/Materials/Terrain/textures/temperate_Textures/sand_disturb_bright_DISP.uasset" 89
"../../../../../../Users/Thunder/workspace/GameStuff/ForSakenFuture/Content/Materials/Terrain/textures/temperate_Textures/sand_disturb_bright_NORM.uasset" 90
"../../../../../../Users/Thunder/workspace/GameStuff/ForSakenFuture/Content/Materials/Terrain/textures/temperate_Textures/sand_disturb_bright_SPEC.uasset" 91
"../../../../../../Users/Thunder/workspace/GameStuff/ForSakenFuture/Content/Materials/Terrain/textures/temperate_Textures/sand_patchnoise.uasset" 92
"../../../../../../Users/Thunder/workspace/GameStuff/ForSakenFuture/Content/Materials/Terrain/textures/temperate_Textures/sand_patchnoise_AO.uasset" 93
"../../../../../../Users/Thunder/workspace/GameStuff/ForSakenFuture/Content/Materials/Terrain/textures/temperate_Textures/sand_patchnoise_DISP.uasset" 94
"../../../../../../Users/Thunder/workspace/GameStuff/ForSakenFuture/Content/Materials/Terrain/textures/temperate_Textures/sand_patchnoise_NORM.uasset" 95
"../../../../../../Users/Thunder/workspace/GameStuff/ForSakenFuture/Content/Materials/Terrain/textures/temperate_Textures/sand_patchnoise_SPEC.uasset" 96
"../../../../../../Users/Thunder/workspace/GameStuff/ForSakenFuture/Content/Materials/Terrain/textures/temperate_Textures/sand_wave_bright.uasset" 97
"../../../../../../Users/Thunder/workspace/GameStuff/ForSakenFuture/Content/Materials/Terrain/textures/temperate_Textures/sand_wave_bright_AO.uasset" 98
"../../../../../../Users/Thunder/workspace/GameStuff/ForSakenFuture/Content/Materials/Terrain/textures/temperate_Textures/sand_wave_bright_DISP.uasset" 99
"../../../../../../Users/Thunder/workspace/GameStuff/ForSakenFuture/Content/Materials/Terrain/textures/temperate_Textures/sand_wave_bright_NORM.uasset" 100
"../../../../../../Users/Thunder/workspace/GameStuff/ForSakenFuture/Content/Materials/Terrain/textures/temperate_Textures/sand_wave_bright_SPEC.uasset" 101
"../../../../../../Users/Thunder/workspace/GameStuff/ForSakenFuture/Content/Models/characters/MaleBase_Skeleton.uasset" 102
"../../../../../../Users/Thunder/workspace/GameStuff/ForSakenFuture/Content/Models/characters/FemaleBase_Anim.uasset" 103
"../../../../../../Users/Thunder/workspace/GameStuff/ForSakenFuture/Content/Models/characters/MaleBase_Anim.uasset" 104
"../../../../../../Users/Thunder/workspace/GameStuff/ForSakenFuture/Content/Models/characters/anims/2hand_Idle.uasset" 105
"../../../../../../Users/Thunder/workspace/GameStuff/ForSakenFuture/Content/Models/characters/anims/2Standing_Walk_Forward.uasset" 106
"../../../../../../Users/Thunder/workspace/GameStuff/ForSakenFuture/Content/Models/characters/anims/Agony.uasset" 107
"../../../../../../Users/Thunder/workspace/GameStuff/ForSakenFuture/Content/Models/characters/anims/box_idle.uasset" 108
"../../../../../../Users/Thunder/workspace/GameStuff/ForSakenFuture/Content/Models/characters/anims/box_turn.uasset" 109
"../../../../../../Users/Thunder/workspace/GameStuff/ForSakenFuture/Content/Models/characters/anims/box_turn__2_.uasset" 110
"../../../../../../Users/Thunder/workspace/GameStuff/ForSakenFuture/Content/Models/characters/anims/box_walk_arc.uasset" 111
"../../../../../../Users/Thunder/workspace/GameStuff/ForSakenFuture/Content/Models/characters/anims/Carrying.uasset" 112
"../../../../../../Users/Thunder/workspace/GameStuff/ForSakenFuture/Content/Models/characters/anims/Climbing.uasset" 113
"../../../../../../Users/Thunder/workspace/GameStuff/ForSakenFuture/Content/Models/characters/anims/Climbing_A_Rope.uasset" 114
"../../../../../../Users/Thunder/workspace/GameStuff/ForSakenFuture/Content/Models/characters/anims/Climbing_Ladder.uasset" 115
"../../../../../../Users/Thunder/workspace/GameStuff/ForSakenFuture/Content/Models/characters/anims/cow_milking.uasset" 116
"../../../../../../Users/Thunder/workspace/GameStuff/ForSakenFuture/Content/Models/characters/anims/Crouching_Idle.uasset" 117
"../../../../../../Users/Thunder/workspace/GameStuff/ForSakenFuture/Content/Models/characters/anims/Crouch_Death.uasset" 118
"../../../../../../Users/Thunder/workspace/GameStuff/ForSakenFuture/Content/Models/characters/anims/Crouch_Idle.uasset" 119
"../../../../../../Users/Thunder/workspace/GameStuff/ForSakenFuture/Content/Models/characters/anims/Crouch_Idle_02_bow.uasset" 120
"../../../../../../Users/Thunder/workspace/GameStuff/ForSakenFuture/Content/Models/characters/anims/Crouch_Walk_Backarc.uasset" 121
"../../../../../../Users/Thunder/workspace/GameStuff/ForSakenFuture/Content/Models/characters/anims/Crouch_Walk_Forwardmagic.uasset" 122
"../../../../../../Users/Thunder/workspace/GameStuff/ForSakenFuture/Content/Models/characters/anims/Defeat_Idle.uasset" 123
"../../../../../../Users/Thunder/workspace/GameStuff/ForSakenFuture/Content/Models/characters/anims/Digging.uasset" 124
"../../../../../../Users/Thunder/workspace/GameStuff/ForSakenFuture/Content/Models/characters/anims/dig_and_plant_seeds.uasset" 125
"../../../../../../Users/Thunder/workspace/GameStuff/ForSakenFuture/Content/Models/characters/anims/Driving.uasset" 126
"../../../../../../Users/Thunder/workspace/GameStuff/ForSakenFuture/Content/Models/characters/anims/Drunk_Idle.uasset" 127
"../../../../../../Users/Thunder/workspace/GameStuff/ForSakenFuture/Content/Models/characters/anims/Drunk_Idle_Variation.uasset" 128
"../../../../../../Users/Thunder/workspace/GameStuff/ForSakenFuture/Content/Models/characters/anims/Drunk_Run_Forward.uasset" 129
"../../../../../../Users/Thunder/workspace/GameStuff/ForSakenFuture/Content/Models/characters/anims/Drunk_Walk_Backwards.uasset" 130
"../../../../../../Users/Thunder/workspace/GameStuff/ForSakenFuture/Content/Models/characters/anims/Dying_Backwards.uasset" 131
"../../../../../../Users/Thunder/workspace/GameStuff/ForSakenFuture/Content/Models/characters/anims/Entering_Code.uasset" 132
"../../../../../../Users/Thunder/workspace/GameStuff/ForSakenFuture/Content/Models/characters/anims/Falling_Back_Death.uasset" 133
"../../../../../../Users/Thunder/workspace/GameStuff/ForSakenFuture/Content/Models/characters/anims/Falling_Forward_Death.uasset" 134
"../../../../../../Users/Thunder/workspace/GameStuff/ForSakenFuture/Content/Models/characters/anims/Falling_Idle.uasset" 135
"../../../../../../Users/Thunder/workspace/GameStuff/ForSakenFuture/Content/Models/characters/anims/Falling_To_Landing.uasset" 136
"../../../../../../Users/Thunder/workspace/GameStuff/ForSakenFuture/Content/Models/characters/anims/Floating.uasset" 137
"../../../../../../Users/Thunder/workspace/GameStuff/ForSakenFuture/Content/Models/characters/anims/Frisbee_Throw.uasset" 138
"../../../../../../Users/Thunder/workspace/GameStuff/ForSakenFuture/Content/Models/characters/anims/Goalkeeper_Idle.uasset" 139
"../../../../../../Users/Thunder/workspace/GameStuff/ForSakenFuture/Content/Models/characters/anims/Great_Sword_Crouching.uasset" 140
"../../../../../../Users/Thunder/workspace/GameStuff/ForSakenFuture/Content/Models/characters/anims/Great_Sword_Walk.uasset" 141
"../../../../../../Users/Thunder/workspace/GameStuff/ForSakenFuture/Content/Models/characters/anims/Hanging_Idle.uasset" 142
"../../../../../../Users/Thunder/workspace/GameStuff/ForSakenFuture/Content/Models/characters/anims/Hanging_Idle2.uasset" 143
"../../../../../../Users/Thunder/workspace/GameStuff/ForSakenFuture/Content/Models/characters/anims/Holding_Idle.uasset" 144
"../../../../../../Users/Thunder/workspace/GameStuff/ForSakenFuture/Content/Models/characters/anims/holding_turn_left.uasset" 145
"../../../../../../Users/Thunder/workspace/GameStuff/ForSakenFuture/Content/Models/characters/anims/holding_turn_right.uasset" 146
"../../../../../../Users/Thunder/workspace/GameStuff/ForSakenFuture/Content/Models/characters/anims/Holding_Walk.uasset" 147
"../../../../../../Users/Thunder/workspace/GameStuff/ForSakenFuture/Content/Models/characters/anims/Idle.uasset" 148
"../../../../../../Users/Thunder/workspace/GameStuff/ForSakenFuture/Content/Models/characters/anims/Idle_Aiming.uasset" 149
"../../../../../../Users/Thunder/workspace/GameStuff/ForSakenFuture/Content/Models/characters/anims/Injured_Hurting_Idle.uasset" 150
"../../../../../../Users/Thunder/workspace/GameStuff/ForSakenFuture/Content/Models/characters/anims/Iv_Pole_Walking.uasset" 151
"../../../../../../Users/Thunder/workspace/GameStuff/ForSakenFuture/Content/Models/characters/anims/Jumping_Down.uasset" 152
"../../../../../../Users/Thunder/workspace/GameStuff/ForSakenFuture/Content/Models/characters/anims/Jumping_Up.uasset" 153
"../../../../../../Users/Thunder/workspace/GameStuff/ForSakenFuture/Content/Models/characters/anims/Jumprun2.uasset" 154
"../../../../../../Users/Thunder/workspace/GameStuff/ForSakenFuture/Content/Models/characters/anims/Jumprun3.uasset" 155
"../../../../../../Users/Thunder/workspace/GameStuff/ForSakenFuture/Content/Models/characters/anims/Jump_Forwardrifle2.uasset" 156
"../../../../../../Users/Thunder/workspace/GameStuff/ForSakenFuture/Content/Models/characters/anims/Kneeling.uasset" 157
"../../../../../../Users/Thunder/workspace/GameStuff/ForSakenFuture/Content/Models/characters/anims/Kneeling_Idle.uasset" 158
"../../../../../../Users/Thunder/workspace/GameStuff/ForSakenFuture/Content/Models/characters/anims/Knife_Idle.uasset" 159
"../../../../../../Users/Thunder/workspace/GameStuff/ForSakenFuture/Content/Models/characters/anims/Land_To_Standing_Idle.uasset" 160
"../../../../../../Users/Thunder/workspace/GameStuff/ForSakenFuture/Content/Models/characters/anims/Laying_Idle.uasset" 161
"../../../../../../Users/Thunder/workspace/GameStuff/ForSakenFuture/Content/Models/characters/anims/Left_Strafe_Walk.uasset" 162
"../../../../../../Users/Thunder/workspace/GameStuff/ForSakenFuture/Content/Models/characters/anims/MaleBase.uasset" 163
"../../../../../../Users/Thunder/workspace/GameStuff/ForSakenFuture/Content/Models/characters/anims/Opening.uasset" 164
"../../../../../../Users/Thunder/workspace/GameStuff/ForSakenFuture/Content/Models/characters/anims/Piano_Playing.uasset" 165
"../../../../../../Users/Thunder/workspace/GameStuff/ForSakenFuture/Content/Models/characters/anims/Picking_Up.uasset" 166
"../../../../../../Users/Thunder/workspace/GameStuff/ForSakenFuture/Content/Models/characters/anims/pick_fruit.uasset" 167
"../../../../../../Users/Thunder/workspace/GameStuff/ForSakenFuture/Content/Models/characters/anims/pick_fruit__2_.uasset" 168
"../../../../../../Users/Thunder/workspace/GameStuff/ForSakenFuture/Content/Models/characters/anims/pick_fruit__3_.uasset" 169
"../../../../../../Users/Thunder/workspace/GameStuff/ForSakenFuture/Content/Models/characters/anims/Pistol_Idle.uasset" 170
"../../../../../../Users/Thunder/workspace/GameStuff/ForSakenFuture/Content/Models/characters/anims/Pistol_Jump.uasset" 171
"../../../../../../Users/Thunder/workspace/GameStuff/ForSakenFuture/Content/Models/characters/anims/Pistol_Run.uasset" 172
"../../../../../../Users/Thunder/workspace/GameStuff/ForSakenFuture/Content/Models/characters/anims/Pistol_Walk.uasset" 173
"../../../../../../Users/Thunder/workspace/GameStuff/ForSakenFuture/Content/Models/characters/anims/plant_a_plant.uasset" 174
"../../../../../../Users/Thunder/workspace/GameStuff/ForSakenFuture/Content/Models/characters/anims/plant_tree.uasset" 175
"../../../../../../Users/Thunder/workspace/GameStuff/ForSakenFuture/Content/Models/characters/anims/Prone_Idle.uasset" 176
"../../../../../../Users/Thunder/workspace/GameStuff/ForSakenFuture/Content/Models/characters/anims/pull_plant.uasset" 177
"../../../../../../Users/Thunder/workspace/GameStuff/ForSakenFuture/Content/Models/characters/anims/pull_plant__2_.uasset" 178
"../../../../../../Users/Thunder/workspace/GameStuff/ForSakenFuture/Content/Models/characters/anims/Ready_Idle.uasset" 179
"../../../../../../Users/Thunder/workspace/GameStuff/ForSakenFuture/Content/Models/characters/anims/Reloadwalkrifle.uasset" 180
"../../../../../../Users/Thunder/workspace/GameStuff/ForSakenFuture/Content/Models/characters/anims/Rifle_Death.uasset" 181
"../../../../../../Users/Thunder/workspace/GameStuff/ForSakenFuture/Content/Models/characters/anims/Rifle_Run.uasset" 182
"../../../../../../Users/Thunder/workspace/GameStuff/ForSakenFuture/Content/Models/characters/anims/Right_Hook.uasset" 183
"../../../../../../Users/Thunder/workspace/GameStuff/ForSakenFuture/Content/Models/characters/anims/right_Strafe_Walk.uasset" 184
"../../../../../../Users/Thunder/workspace/GameStuff/ForSakenFuture/Content/Models/characters/anims/Rope_Climb.uasset" 185
"../../../../../../Users/Thunder/workspace/GameStuff/ForSakenFuture/Content/Models/characters/anims/runJump.uasset" 186
"../../../../../../Users/Thunder/workspace/GameStuff/ForSakenFuture/Content/Models/characters/anims/Running2.uasset" 187
"../../../../../../Users/Thunder/workspace/GameStuff/ForSakenFuture/Content/Models/characters/anims/Running_carry.uasset" 188
"../../../../../../Users/Thunder/workspace/GameStuff/ForSakenFuture/Content/Models/characters/anims/Running_Jump.uasset" 189
"../../../../../../Users/Thunder/workspace/GameStuff/ForSakenFuture/Content/Models/characters/anims/Run_With_Sword.uasset" 190
"../../../../../../Users/Thunder/workspace/GameStuff/ForSakenFuture/Content/Models/characters/anims/Scary_Clown_Idle.uasset" 191
"../../../../../../Users/Thunder/workspace/GameStuff/ForSakenFuture/Content/Models/characters/anims/Seated_Idle.uasset" 192
"../../../../../../Users/Thunder/workspace/GameStuff/ForSakenFuture/Content/Models/characters/anims/Sitting_Idle.uasset" 193
"../../../../../../Users/Thunder/workspace/GameStuff/ForSakenFuture/Content/Models/characters/anims/Sitting_Idle_1_.uasset" 194
"../../../../../../Users/Thunder/workspace/GameStuff/ForSakenFuture/Content/Models/characters/anims/Skateboarding.uasset" 195
"../../../../../../Users/Thunder/workspace/GameStuff/ForSakenFuture/Content/Models/characters/anims/Sleeping_Idle.uasset" 196
"../../../../../../Users/Thunder/workspace/GameStuff/ForSakenFuture/Content/Models/characters/anims/Sleeping_Idle2.uasset" 197
"../../../../../../Users/Thunder/workspace/GameStuff/ForSakenFuture/Content/Models/characters/anims/Standing_1H_Magic_Attack_01.uasset" 198
"../../../../../../Users/Thunder/workspace/GameStuff/ForSakenFuture/Content/Models/characters/anims/Standing_2H_Magic_Area_Attack_02.uasset" 199
"../../../../../../Users/Thunder/workspace/GameStuff/ForSakenFuture/Content/Models/characters/anims/Standing_Aim_bow_Idle_01.uasset" 200
"../../../../../../Users/Thunder/workspace/GameStuff/ForSakenFuture/Content/Models/characters/anims/standing_aim_overdraw.uasset" 201
"../../../../../../Users/Thunder/workspace/GameStuff/ForSakenFuture/Content/Models/characters/anims/standing_aim_recoil.uasset" 202
"../../../../../../Users/Thunder/workspace/GameStuff/ForSakenFuture/Content/Models/characters/anims/standing_aim_walk_back.uasset" 203
"../../../../../../Users/Thunder/workspace/GameStuff/ForSakenFuture/Content/Models/characters/anims/standing_aim_walk_forward.uasset" 204
"../../../../../../Users/Thunder/workspace/GameStuff/ForSakenFuture/Content/Models/characters/anims/standing_aim_walk_left.uasset" 205
"../../../../../../Users/Thunder/workspace/GameStuff/ForSakenFuture/Content/Models/characters/anims/standing_aim_walk_right.uasset" 206
"../../../../../../Users/Thunder/workspace/GameStuff/ForSakenFuture/Content/Models/characters/anims/Standing_Block_Idle.uasset" 207
"../../../../../../Users/Thunder/workspace/GameStuff/ForSakenFuture/Content/Models/characters/anims/standing_draw_arrow.uasset" 208
"../../../../../../Users/Thunder/workspace/GameStuff/ForSakenFuture/Content/Models/characters/anims/Standing_Idle.uasset" 209
"../../../../../../Users/Thunder/workspace/GameStuff/ForSakenFuture/Content/Models/characters/anims/standing_idle2.uasset" 210
"../../../../../../Users/Thunder/workspace/GameStuff/ForSakenFuture/Content/Models/characters/anims/standing_idle_01.uasset" 211
"../../../../../../Users/Thunder/workspace/GameStuff/ForSakenFuture/Content/Models/characters/anims/standing_idle_02.uasset" 212
"../../../../../../Users/Thunder/workspace/GameStuff/ForSakenFuture/Content/Models/characters/anims/Standing_Jump.uasset" 213
"../../../../../../Users/Thunder/workspace/GameStuff/ForSakenFuture/Content/Models/characters/anims/Standing_magic_Idle_03.uasset" 214
"../../../../../../Users/Thunder/workspace/GameStuff/ForSakenFuture/Content/Models/characters/anims/Standing_React_Death_Backward.uasset" 215
"../../../../../../Users/Thunder/workspace/GameStuff/ForSakenFuture/Content/Models/characters/anims/Standing_React_Death_Backward2.uasset" 216
"../../../../../../Users/Thunder/workspace/GameStuff/ForSakenFuture/Content/Models/characters/anims/Standing_React_Large_From_Front.uasset" 217
"../../../../../../Users/Thunder/workspace/GameStuff/ForSakenFuture/Content/Models/characters/anims/Standing_React_Small_From_Front.uasset" 218
"../../../../../../Users/Thunder/workspace/GameStuff/ForSakenFuture/Content/Models/characters/anims/Standing_Run_Back.uasset" 219
"../../../../../../Users/Thunder/workspace/GameStuff/ForSakenFuture/Content/Models/characters/anims/Standing_Run_Forward.uasset" 220
"../../../../../../Users/Thunder/workspace/GameStuff/ForSakenFuture/Content/Models/characters/anims/Standing_Run_Forwardmagic.uasset" 221
"../../../../../../Users/Thunder/workspace/GameStuff/ForSakenFuture/Content/Models/characters/anims/Standing_Turn_Left_90.uasset" 222
"../../../../../../Users/Thunder/workspace/GameStuff/ForSakenFuture/Content/Models/characters/anims/Standing_Turn_Right_90.uasset" 223
"../../../../../../Users/Thunder/workspace/GameStuff/ForSakenFuture/Content/Models/characters/anims/Standing_Upf.uasset" 224
"../../../../../../Users/Thunder/workspace/GameStuff/ForSakenFuture/Content/Models/characters/anims/Standing_Walk_Bac2k.uasset" 225
"../../../../../../Users/Thunder/workspace/GameStuff/ForSakenFuture/Content/Models/characters/anims/Standing_Walk_Back.uasset" 226
"../../../../../../Users/Thunder/workspace/GameStuff/ForSakenFuture/Content/Models/characters/anims/Standing_Walk_Forward.uasset" 227
"../../../../../../Users/Thunder/workspace/GameStuff/ForSakenFuture/Content/Models/characters/anims/Standing_Walk_Right.uasset" 228
"../../../../../../Users/Thunder/workspace/GameStuff/ForSakenFuture/Content/Models/characters/anims/Stand_Up.uasset" 229
"../../../../../../Users/Thunder/workspace/GameStuff/ForSakenFuture/Content/Models/characters/anims/Sword_And_Shield_Crouch_Block_Idle.uasset" 230
"../../../../../../Users/Thunder/workspace/GameStuff/ForSakenFuture/Content/Models/characters/anims/Sword_And_Shield_Idle.uasset" 231
"../../../../../../Users/Thunder/workspace/GameStuff/ForSakenFuture/Content/Models/characters/anims/Sword_And_Shield_Jump.uasset" 232
"../../../../../../Users/Thunder/workspace/GameStuff/ForSakenFuture/Content/Models/characters/anims/Sword_And_Shield_Walk.uasset" 233
"../../../../../../Users/Thunder/workspace/GameStuff/ForSakenFuture/Content/Models/characters/anims/Sword_And_Shield_Walkback.uasset" 234
"../../../../../../Users/Thunder/workspace/GameStuff/ForSakenFuture/Content/Models/characters/anims/Talking.uasset" 235
"../../../../../../Users/Thunder/workspace/GameStuff/ForSakenFuture/Content/Models/characters/anims/Throw.uasset" 236
"../../../../../../Users/Thunder/workspace/GameStuff/ForSakenFuture/Content/Models/characters/anims/Throwing.uasset" 237
"../../../../../../Users/Thunder/workspace/GameStuff/ForSakenFuture/Content/Models/characters/anims/Unarmed_Run_Forward.uasset" 238
"../../../../../../Users/Thunder/workspace/GameStuff/ForSakenFuture/Content/Models/characters/anims/Victory_Idle.uasset" 239
"../../../../../../Users/Thunder/workspace/GameStuff/ForSakenFuture/Content/Models/characters/anims/Walking2.uasset" 240
"../../../../../../Users/Thunder/workspace/GameStuff/ForSakenFuture/Content/Models/characters/anims/Walking_Backwards.uasset" 241
"../../../../../../Users/Thunder/workspace/GameStuff/ForSakenFuture/Content/Models/characters/anims/Walking_rifle.uasset" 242
"../../../../../../Users/Thunder/workspace/GameStuff/ForSakenFuture/Content/Models/characters/anims/Walking_With_Shopping_Bag.uasset" 243
"../../../../../../Users/Thunder/workspace/GameStuff/ForSakenFuture/Content/Models/characters/anims/Walk_Backward_crouch_magic.uasset" 244
"../../../../../../Users/Thunder/workspace/GameStuff/ForSakenFuture/Content/Models/characters/anims/Walk_With_Rifle.uasset" 245
"../../../../../../Users/Thunder/workspace/GameStuff/ForSakenFuture/Content/Models/characters/anims/watering.uasset" 246
"../../../../../../Users/Thunder/workspace/GameStuff/ForSakenFuture/Content/Models/characters/anims/wheelbarrow_dump.uasset" 247
"../../../../../../Users/Thunder/workspace/GameStuff/ForSakenFuture/Content/Models/characters/anims/Wheelbarrow_Idle.uasset" 248
"../../../../../../Users/Thunder/workspace/GameStuff/ForSakenFuture/Content/Models/characters/anims/Wheelbarrow_Walk.uasset" 249
"../../../../../../Users/Thunder/workspace/GameStuff/ForSakenFuture/Content/Models/characters/anims/wheelbarrow_walk_turn.uasset" 250
"../../../../../../Users/Thunder/workspace/GameStuff/ForSakenFuture/Content/Models/characters/anims/wheelbarrow_walk_turn__2_.uasset" 251
"../../../../../../Users/Thunder/workspace/GameStuff/ForSakenFuture/Content/Models/characters/anims/wheelbarrow_walk__2_.uasset" 252
"../../../../../../Users/Thunder/workspace/GameStuff/ForSakenFuture/Content/Models/characters/anims/Wiping_Sweat.uasset" 253
"../../../../../../Users/Thunder/workspace/GameStuff/ForSakenFuture/Content/Models/characters/anims/Working_On_Device.uasset" 254
"../../../../../../Users/Thunder/workspace/GameStuff/ForSakenFuture/Content/Models/characters/anims/Writing.uasset" 255
"../../../../../../Users/Thunder/workspace/GameStuff/ForSakenFuture/Content/StarterContent/Materials/M_Basic_Wall.uasset" 256
"../../../../../../Users/Thunder/workspace/GameStuff/ForSakenFuture/Content/StarterContent/Architecture/Pillar_50x500.uasset" 257
"../../../../../../Users/Thunder/workspace/GameStuff/ForSakenFuture/Content/StarterContent/Architecture/Wall_400x300.uasset" 258
"../../../../../../Users/Thunder/workspace/GameStuff/ForSakenFuture/Content/StarterContent/Architecture/Wall_400x400.uasset" 259
"../../../../../../Users/Thunder/workspace/GameStuff/ForSakenFuture/Content/StarterContent/Architecture/Wall_500x500.uasset" 260
"../../../../../../Users/Thunder/workspace/GameStuff/ForSakenFuture/Content/StarterContent/Architecture/Wall_Door_400x400.uasset" 261
"../../../../../../Users/Thunder/workspace/GameStuff/ForSakenFuture/Content/StarterContent/Architecture/Wall_Window_400x400.uasset" 262
"../../../../../../Users/Thunder/workspace/GameStuff/ForSakenFuture/Content/StarterContent/Audio/Collapse01.uasset" 263
"../../../../../../Users/Thunder/workspace/GameStuff/ForSakenFuture/Content/StarterContent/Audio/Collapse02.uasset" 264
"../../../../../../Users/Thunder/workspace/GameStuff/ForSakenFuture/Content/StarterContent/Audio/Explosion01.uasset" 265
"../../../../../../Users/Thunder/workspace/GameStuff/ForSakenFuture/Content/StarterContent/Audio/Explosion02.uasset" 266
"../../../../../../Users/Thunder/workspace/GameStuff/ForSakenFuture/Content/StarterContent/Audio/Fire01.uasset" 267
"../../../../../../Users/Thunder/workspace/GameStuff/ForSakenFuture/Content/StarterContent/Audio/Fire_Sparks01.uasset" 268
"../../../../../../Users/Thunder/workspace/GameStuff/ForSakenFuture/Content/StarterContent/Audio/Light01.uasset" 269
"../../../../../../Users/Thunder/workspace/GameStuff/ForSakenFuture/Content/StarterContent/Audio/Light01_Cue.uasset" 270
"../../../../../../Users/Thunder/workspace/GameStuff/ForSakenFuture/Content/StarterContent/Audio/Light02.uasset" 271
"../../../../../../Users/Thunder/workspace/GameStuff/ForSakenFuture/Content/StarterContent/Audio/Light02_Cue.uasset" 272
"../../../../../../Users/Thunder/workspace/GameStuff/ForSakenFuture/Content/StarterContent/Audio/Smoke01.uasset" 273
"../../../../../../Users/Thunder/workspace/GameStuff/ForSakenFuture/Content/StarterContent/Audio/Starter_Birds01.uasset" 274
"../../../../../../Users/Thunder/workspace/GameStuff/ForSakenFuture/Content/StarterContent/Audio/Starter_Music01.uasset" 275
"../../../../../../Users/Thunder/workspace/GameStuff/ForSakenFuture/Content/StarterContent/Audio/Starter_Wind05.uasset" 276
"../../../../../../Users/Thunder/workspace/GameStuff/ForSakenFuture/Content/StarterContent/Audio/Starter_Wind06.uasset" 277
"../../../../../../Users/Thunder/workspace/GameStuff/ForSakenFuture/Content/StarterContent/Audio/Steam01.uasset" 278
"../../../../../../Users/Thunder/workspace/GameStuff/ForSakenFuture/Content/StarterContent/Audio/Explosion_Cue.uasset" 279
"../../../../../../Users/Thunder/workspace/GameStuff/ForSakenFuture/Content/StarterContent/Textures/T_Burst_M.uasset" 280
"../../../../../../Users/Thunder/workspace/GameStuff/ForSakenFuture/Content/StarterContent/Particles/Materials/M_Burst.uasset" 281
"../../../../../../Users/Thunder/workspace/GameStuff/ForSakenFuture/Content/StarterContent/Textures/T_Explosion_SubUV.uasset" 282
"../../../../../../Users/Thunder/workspace/GameStuff/ForSakenFuture/Content/StarterContent/Particles/Materials/M_explosion_subUV.uasset" 283
"../../../../../../Users/Thunder/workspace/GameStuff/ForSakenFuture/Content/StarterContent/Particles/Materials/m_flare_01.uasset" 284
"../../../Engine/Content/Functions/Engine_MaterialFunctions01/Gradient/RadialGradient.uasset" 285
"../../../../../../Users/Thunder/workspace/GameStuff/ForSakenFuture/Content/StarterContent/Particles/Materials/M_radial_ramp.uasset" 286
"../../../../../../Users/Thunder/workspace/GameStuff/ForSakenFuture/Content/StarterContent/Textures/T_Smoke_SubUV.uasset" 287
"../../../../../../Users/Thunder/workspace/GameStuff/ForSakenFuture/Content/StarterContent/Textures/T_Smoke_Tiled_D.uasset" 288
"../../../../../../Users/Thunder/workspace/GameStuff/ForSakenFuture/Content/StarterContent/Particles/Materials/M_smoke_subUV.uasset" 289
"../../../../../../Users/Thunder/workspace/GameStuff/ForSakenFuture/Content/StarterContent/Particles/P_Explosion.uasset" 290
"../../../../../../Users/Thunder/workspace/GameStuff/ForSakenFuture/Content/StarterContent/Blueprints/Blueprint_Effect_Explosion.uasset" 291
"../../../Engine/Content/EditorMeshes/ColorCalibrator/T_ColorGrid.uasset" 292
"../../../../../../Users/Thunder/workspace/GameStuff/ForSakenFuture/Content/StarterContent/Materials/M_ColorGrid_LowSpec.uasset" 293
"../../../../../../Users/Thunder/workspace/GameStuff/ForSakenFuture/Content/StarterContent/Textures/T_Bush_D.uasset" 294
"../../../../../../Users/Thunder/workspace/GameStuff/ForSakenFuture/Content/StarterContent/Textures/T_Bush_N.uasset" 295
"../../../../../../Users/Thunder/workspace/GameStuff/ForSakenFuture/Content/StarterContent/Props/Materials/M_Bush.uasset" 296
"../../../../../../Users/Thunder/workspace/GameStuff/ForSakenFuture/Content/StarterContent/Props/SM_Bush.uasset" 297
"../../../../../../Users/Thunder/workspace/GameStuff/ForSakenFuture/Content/StarterContent/Textures/T_Chair_M.uasset" 298
"../../../../../../Users/Thunder/workspace/GameStuff/ForSakenFuture/Content/StarterContent/Textures/T_Chair_N.uasset" 299
"../../../../../../Users/Thunder/workspace/GameStuff/ForSakenFuture/Content/StarterContent/Props/Materials/M_Chair.uasset" 300
"../../../../../../Users/Thunder/workspace/GameStuff/ForSakenFuture/Content/StarterContent/Props/SM_Couch.uasset" 301
"../../../../../../Users/Thunder/workspace/GameStuff/ForSakenFuture/Content/StarterContent/Materials/M_Glass.uasset" 302
"../../../../../../Users/Thunder/workspace/GameStuff/ForSakenFuture/Content/StarterContent/Textures/T_Door_M.uasset" 303
"../../../../../../Users/Thunder/workspace/GameStuff/ForSakenFuture/Content/StarterContent/Textures/T_Door_N.uasset" 304
"../../../../../../Users/Thunder/workspace/GameStuff/ForSakenFuture/Content/StarterContent/Props/Materials/M_Door.uasset" 305
"../../../../../../Users/Thunder/workspace/GameStuff/ForSakenFuture/Content/StarterContent/Props/SM_Door.uasset" 306
"../../../../../../Users/Thunder/workspace/GameStuff/ForSakenFuture/Content/StarterContent/Props/Materials/M_MaterialSphere.uasset" 307
"../../../../../../Users/Thunder/workspace/GameStuff/ForSakenFuture/Content/StarterContent/Props/Materials/M_MaterialSphere_Plain.uasset" 308
"../../../../../../Users/Thunder/workspace/GameStuff/ForSakenFuture/Content/StarterContent/Props/SM_MatPreviewMesh_02.uasset" 309
"../../../Engine/Content/Functions/Engine_MaterialFunctions02/Utility/BlendAngleCorrectedNormals.uasset" 310
"../../../../../../Users/Thunder/workspace/GameStuff/ForSakenFuture/Content/StarterContent/Textures/T_Detail_Rocky_N.uasset" 311
"../../../../../../Users/Thunder/workspace/GameStuff/ForSakenFuture/Content/StarterContent/Textures/T_Rock_Basalt_D.uasset" 312
"../../../../../../Users/Thunder/workspace/GameStuff/ForSakenFuture/Content/StarterContent/Textures/T_RockMesh_M.uasset" 313
"../../../../../../Users/Thunder/workspace/GameStuff/ForSakenFuture/Content/StarterContent/Textures/T_RockMesh_N.uasset" 314
"../../../../../../Users/Thunder/workspace/GameStuff/ForSakenFuture/Content/StarterContent/Props/Materials/M_Rock.uasset" 315
"../../../../../../Users/Thunder/workspace/GameStuff/ForSakenFuture/Content/StarterContent/Props/SM_Rock.uasset" 316
"../../../../../../Users/Thunder/workspace/GameStuff/ForSakenFuture/Content/StarterContent/Textures/T_Shelf_M.uasset" 317
"../../../../../../Users/Thunder/workspace/GameStuff/ForSakenFuture/Content/StarterContent/Textures/T_Shelf_N.uasset" 318
"../../../../../../Users/Thunder/workspace/GameStuff/ForSakenFuture/Content/StarterContent/Props/Materials/M_Shelf.uasset" 319
"../../../../../../Users/Thunder/workspace/GameStuff/ForSakenFuture/Content/StarterContent/Props/SM_Shelf.uasset" 320
"../../../../../../Users/Thunder/workspace/GameStuff/ForSakenFuture/Content/StarterContent/Materials/M_Basic_Floor.uasset" 321
"../../../../../../Users/Thunder/workspace/GameStuff/ForSakenFuture/Content/StarterContent/Props/SM_Stairs.uasset" 322
"../../../../../../Users/Thunder/workspace/GameStuff/ForSakenFuture/Content/StarterContent/Shapes/Shape_Cone.uasset" 323
"../../../../../../Users/Thunder/workspace/GameStuff/ForSakenFuture/Content/StarterContent/Shapes/Shape_Cylinder.uasset" 324
"../../../../../../Users/Thunder/workspace/GameStuff/ForSakenFuture/Content/StarterContent/Shapes/Shape_NarrowCapsule.uasset" 325
"../../../../../../Users/Thunder/workspace/GameStuff/ForSakenFuture/Content/StarterContent/Shapes/Shape_Pipe.uasset" 326
"../../../../../../Users/Thunder/workspace/GameStuff/ForSakenFuture/Content/StarterContent/Shapes/Shape_Pipe_180.uasset" 327
"../../../../../../Users/Thunder/workspace/GameStuff/ForSakenFuture/Content/StarterContent/Shapes/Shape_Pipe_90.uasset" 328
"../../../../../../Users/Thunder/workspace/GameStuff/ForSakenFuture/Content/StarterContent/Shapes/Shape_Plane.uasset" 329
"../../../../../../Users/Thunder/workspace/GameStuff/ForSakenFuture/Content/StarterContent/Shapes/Shape_Torus.uasset" 330
"../../../../../../Users/Thunder/workspace/GameStuff/ForSakenFuture/Content/StarterContent/Shapes/Shape_Trim.uasset" 331
"../../../../../../Users/Thunder/workspace/GameStuff/ForSakenFuture/Content/StarterContent/Shapes/Shape_Trim_90_In.uasset" 332
"../../../../../../Users/Thunder/workspace/GameStuff/ForSakenFuture/Content/StarterContent/Shapes/Shape_Trim_90_Out.uasset" 333
"../../../../../../Users/Thunder/workspace/GameStuff/ForSakenFuture/Content/StarterContent/Shapes/Shape_TriPyramid.uasset" 334
"../../../../../../Users/Thunder/workspace/GameStuff/ForSakenFuture/Content/StarterContent/Shapes/Shape_Tube.uasset" 335
"../../../../../../Users/Thunder/workspace/GameStuff/ForSakenFuture/Content/StarterContent/Shapes/Shape_Wedge_A.uasset" 336
"../../../../../../Users/Thunder/workspace/GameStuff/ForSakenFuture/Content/StarterContent/Shapes/Shape_Wedge_B.uasset" 337
"../../../../../../Users/Thunder/workspace/GameStuff/ForSakenFuture/Content/StarterContent/Shapes/Shape_WideCapsule.uasset" 338
"../../../../../../Users/Thunder/workspace/GameStuff/ForSakenFuture/Content/Ui/Images/InGame/doublearrow.uasset" 339
"../../../Engine/Content/Animation/DefaultAnimCurveCompressionSettings.uasset" 340
"../../../Engine/Content/Functions/Engine_MaterialFunctions01/Opacity/CameraDepthFade.uasset" 341
"../../../Engine/Content/EngineMaterials/T_Default_Material_Grid_M.uasset" 342
"../../../Engine/Content/EngineMaterials/T_Default_Material_Grid_N.uasset" 343
"../../../Engine/Content/EngineMaterials/WorldGridMaterial.uasset" 344
"../../../Engine/Content/ArtTools/RenderToTexture/Meshes/S_1_Unit_Plane.uasset" 345
"../../../Engine/Content/EngineMaterials/DefaultMaterial.uasset" 346
"../../../Engine/Content/BasicShapes/Cone.uasset" 347
"../../../Engine/Content/BasicShapes/Cube.uasset" 348
"../../../Engine/Content/BasicShapes/Cylinder.uasset" 349
"../../../Engine/Content/BasicShapes/Plane.uasset" 350
"../../../Engine/Content/BasicShapes/Sphere.uasset" 351
"../../../Engine/Content/EditorLandscapeResources/DataLayer.uasset" 352
"../../../Engine/Content/EditorMaterials/MAT_Groups_Toggle.uasset" 353
"../../../Engine/Content/EditorMaterials/MAT_Groups_Visibility.uasset" 354
"../../../Engine/Content/EditorMaterials/PreviewShadowIndicator.uasset" 355
"../../../Engine/Content/EditorMaterials/PreviewShadowIndicatorMaterial.uasset" 356
"../../../Engine/Content/EditorMaterials/MatineeGroups/MAT_ColorTrack.uasset" 357
"../../../Engine/Content/EditorMaterials/MatineeGroups/MAT_Groups_Anim.uasset" 358
"../../../Engine/Content/EditorMaterials/MatineeGroups/MAT_Groups_AudioMaster.uasset" 359
"../../../Engine/Content/EditorMaterials/MatineeGroups/MAT_Groups_Director.uasset" 360
"../../../Engine/Content/EditorMaterials/MatineeGroups/MAT_Groups_Event.uasset" 361
"../../../Engine/Content/EditorMaterials/MatineeGroups/MAT_Groups_Fade.uasset" 362
"../../../Engine/Content/EditorMaterials/MatineeGroups/MAT_Groups_Float.uasset" 363
"../../../Engine/Content/EditorMaterials/MatineeGroups/MAT_Groups_Move.uasset" 364
"../../../Engine/Content/EditorMaterials/MatineeGroups/MAT_Groups_Slomo.uasset" 365
"../../../Engine/Content/EditorMaterials/MatineeGroups/MAT_Groups_Sound.uasset" 366
"../../../Engine/Content/EditorMaterials/MatineeGroups/MAT_Groups_Vector.uasset" 367
"../../../Engine/Content/EditorMaterials/ParticleSystems/PSysThumbnail_NoImage.uasset" 368
"../../../Engine/Content/EditorMaterials/ParticleSystems/PSysThumbnail_OOD.uasset" 369
"../../../Engine/Content/EditorMaterials/Camera/CineMat.uasset" 370
"../../../Engine/Content/EditorMaterials/Camera/MI_CineMat_Rig.uasset" 371
"../../../Engine/Content/EditorMeshes/Camera/SM_CraneRig_Arm.uasset" 372
"../../../Engine/Content/EditorMeshes/Camera/SM_CraneRig_Base.uasset" 373
"../../../Engine/Content/EditorMeshes/Camera/SM_CraneRig_Body.uasset" 374
"../../../Engine/Content/EditorMeshes/Camera/SM_CraneRig_Mount.uasset" 375
"../../../Engine/Content/EditorMeshes/Camera/SM_RailRig_Mount.uasset" 376
"../../../Engine/Content/EditorMeshes/Camera/SM_RailRig_Track.uasset" 377
"../../../Engine/Content/EditorResources/BSPVertex.uasset" 378
"../../../Engine/Content/EditorResources/EmptyActor.uasset" 379
"../../../Engine/Content/EditorResources/S_Actor.uasset" 380
"../../../Engine/Content/EditorResources/S_Note.uasset" 381
"../../../Engine/Content/EditorResources/S_Solver.uasset" 382
"../../../Engine/Content/EditorResources/S_Trigger.uasset" 383
"../../../Engine/Content/EditorResources/AudioIcons/S_AudioComponent.uasset" 384
"../../../Engine/Content/EditorResources/AudioIcons/S_AudioComponent_AutoActivate.uasset" 385
"../../../Engine/Content/EditorResources/LightIcons/S_LightError.uasset" 386
"../../../Engine/Content/EditorResources/SequenceRecorder/Countdown.uasset" 387
"../../../Engine/Content/EditorResources/SequenceRecorder/RecordingIndicator.uasset" 388
"../../../Engine/Content/EditorSounds/Notifications/CompileFailed.uasset" 389
"../../../Engine/Content/EditorSounds/Notifications/CompileFailed_Cue.uasset" 390
"../../../Engine/Content/EditorSounds/Notifications/CompileSuccess.uasset" 391
"../../../Engine/Content/EditorSounds/Notifications/CompileStart_Cue.uasset" 392
"../../../Engine/Content/EditorSounds/Notifications/CompileSuccess_Cue.uasset" 393
"../../../Engine/Content/EngineDamageTypes/DmgTypeBP_Environmental.uasset" 394
"../../../Engine/Content/EngineDebugMaterials/DebugEditorMaterial.uasset" 395
"../../../Engine/Content/EngineDebugMaterials/DebugMeshMaterial.uasset" 396
"../../../Engine/Content/EngineDebugMaterials/M_SimpleTranslucent.uasset" 397
"../../../Engine/Content/Functions/Engine_MaterialFunctions02/Utility/CameraDirectionVector.uasset" 398
"../../../Engine/Content/EngineDebugMaterials/VolumeToRender.uasset" 399
"../../../Engine/Content/EngineDebugMaterials/M_VolumeRenderSphereTracePP.uasset" 400
"../../../Engine/Content/EngineDebugMaterials/WireframeMaterial.uasset" 401
"../../../Engine/Content/EngineFonts/Faces/DroidSansFallback.uasset" 402
"../../../Engine/Content/EngineFonts/Faces/RobotoBold.uasset" 403
"../../../Engine/Content/EngineFonts/Faces/RobotoBoldItalic.uasset" 404
"../../../Engine/Content/EngineFonts/Faces/RobotoItalic.uasset" 405
"../../../Engine/Content/EngineFonts/Faces/RobotoLight.uasset" 406
"../../../Engine/Content/EngineFonts/Faces/RobotoRegular.uasset" 407
"../../../Engine/Content/EngineFonts/Roboto.uasset" 408
"../../../Engine/Content/EngineMaterials/BaseFlattenDiffuseMap.uasset" 409
"../../../Engine/Content/EngineMaterials/BaseFlattenEmissiveMap.uasset" 410
"../../../Engine/Content/EngineMaterials/BaseFlattenGrayscaleMap.uasset" 411
"../../../Engine/Content/EngineMaterials/BaseFlattenNormalMap.uasset" 412
"../../../Engine/Content/EngineMaterials/BaseFlattenMaterial.uasset" 413
"../../../Engine/Content/EngineMaterials/BlueNoise.uasset" 414
"../../../Engine/Content/EngineMaterials/DefaultBloomKernel.uasset" 415
"../../../Engine/Content/EngineMaterials/DefaultBokeh.uasset" 416
"../../../Engine/Content/EngineMaterials/DefaultDiffuse.uasset" 417
"../../../Engine/Content/EngineMaterials/DefaultDeferredDecalMaterial.uasset" 418
"../../../Engine/Content/EngineMaterials/DefaultLightFunctionMaterial.uasset" 419
"../../../Engine/Content/EngineMaterials/DefaultPhysicalMaterial.uasset" 420
"../../../Engine/Content/Functions/Engine_MaterialFunctions02/Utility/BreakOutFloat2Components.uasset" 421
"../../../Engine/Content/EngineMaterials/DefaultPostProcessMaterial.uasset" 422
"../../../Engine/Content/EngineFonts/RobotoDistanceField.uasset" 423
"../../../Engine/Content/EngineMaterials/DefaultTextMaterialOpaque.uasset" 424
"../../../Engine/Content/EngineMaterials/DefaultVirtualTextureMaterial.uasset" 425
"../../../Engine/Content/EngineMaterials/DefaultWhiteGrid.uasset" 426
"../../../Engine/Content/EngineMaterials/DefaultWhiteGrid_Low.uasset" 427
"../../../Engine/Content/EngineMaterials/EmissiveMeshMaterial.uasset" 428
"../../../Engine/Content/EngineMaterials/GizmoMaterial.uasset" 429
"../../../Engine/Content/EngineMaterials/Good64x64TilingNoiseHighFreq.uasset" 430
"../../../Engine/Content/EngineMaterials/HairDefaultMaterial.uasset" 431
"../../../Engine/Content/EngineMaterials/MiniFont.uasset" 432
"../../../Engine/Content/EngineMaterials/InvalidLightmapSettings.uasset" 433
"../../../Engine/Content/EngineMaterials/M_InvalidLightmapSettings.uasset" 434
"../../../Engine/Content/Functions/Engine_MaterialFunctions02/WorldPositionOffset/CameraOffset.uasset" 435
"../../../Engine/Content/EngineMaterials/PhAT_JointLimitMaterial.uasset" 436
"../../../Engine/Content/EngineMaterials/PreintegratedSkinBRDF.uasset" 437
"../../../Engine/Content/EngineMaterials/RemoveSurfaceMaterial.uasset" 438
"../../../Engine/Content/EngineMaterials/WeightMapPlaceholderTexture.uasset" 439
"../../../Engine/Content/EngineResources/WhiteSquareTexture.uasset" 440
"../../../Engine/Content/EngineMaterials/Widget3DPassThrough.uasset" 441
"../../../Engine/Content/EngineMaterials/Widget3DPassThrough_Masked.uasset" 442
"../../../Engine/Content/EngineMaterials/Widget3DPassThrough_Opaque.uasset" 443
"../../../Engine/Content/EngineMaterials/Widget3DPassThrough_Masked_OneSided.uasset" 444
"../../../Engine/Content/EngineMaterials/Widget3DPassThrough_Opaque_OneSided.uasset" 445
"../../../Engine/Content/EngineMaterials/Widget3DPassThrough_Translucent.uasset" 446
"../../../Engine/Content/EngineMaterials/Widget3DPassThrough_Translucent_OneSided.uasset" 447
"../../../Engine/Content/EngineMeshes/Cylinder.uasset" 448
"../../../Engine/Content/EngineMeshes/Sphere.uasset" 449
"../../../Engine/Content/EngineResources/Black.uasset" 450
"../../../Engine/Content/EngineResources/DefaultTexture.uasset" 451
"../../../Engine/Content/EngineResources/DefaultTextureCube.uasset" 452
"../../../Engine/Content/EngineResources/DefaultVolumeTexture2D.uasset" 453
"../../../Engine/Content/EngineResources/DefaultVolumeTexture.uasset" 454
"../../../Engine/Content/EngineResources/GradientTexture0.uasset" 455
"../../../Engine/Content/EngineSounds/Master.uasset" 456
"../../../Engine/Content/Functions/Engine_MaterialFunctions01/Shading/ConvertFromDiffSpec.uasset" 457
"../../../Engine/Content/Functions/Engine_MaterialFunctions01/Shading/PowerToRoughness.uasset" 458
"../../../Engine/Content/Maps/Templates/Thumbnails/Default.uasset" 459
"../../../Engine/Content/Maps/Templates/Thumbnails/TimeOfDay.uasset" 460
"../../../Engine/Content/Maps/Templates/Thumbnails/VR-Basic.uasset" 461
"../../../Engine/Content/MobileResources/T_MobileControls_texture.uasset" 462
"../../../Engine/Content/MobileResources/T_MobileMenu2.uasset" 463
"../../../Engine/Content/MobileResources/HUD/AnalogHat.uasset" 464
"../../../Engine/Content/MobileResources/HUD/VirtualJoystick_Background.uasset" 465
"../../../Engine/Content/MobileResources/HUD/VirtualJoystick_Thumb.uasset" 466
"../../../Engine/Content/MobileResources/HUD/DefaultVirtualJoysticks.uasset" 467
"../../../Engine/Content/MobileResources/HUD/LeftVirtualJoystickOnly.uasset" 468
"../../../Engine/Content/MobileResources/HUD/MobileHUDButton1_off.uasset" 469
"../../../Engine/Content/MobileResources/HUD/MobileHUDButton1_on.uasset" 470
"../../../Engine/Content/MobileResources/HUD/MobileHUDButton2_off.uasset" 471
"../../../Engine/Content/MobileResources/HUD/MobileHUDButton2_on.uasset" 472
"../../../Engine/Content/MobileResources/HUD/MobileHUDButton3.uasset" 473
"../../../Engine/Content/MobileResources/HUD/MobileHUDButtonFire.uasset" 474
"../../../Engine/Content/MobileResources/HUD/MobileHUDDirectionPad.uasset" 475
"../../../Engine/Content/MobileResources/HUD/MobileHUDDirectionPad2.uasset" 476
"../../../Engine/Content/MobileResources/HUD/MobileHUDDirectionPad3.uasset" 477
"../../../Engine/Content/MobileResources/HUD/MobileHUDDirectionStick.uasset" 478
"../../../Engine/Content/MobileResources/HUD/T_Castle_ThumbstickInner.uasset" 479
"../../../Engine/Content/MobileResources/HUD/T_Castle_ThumbstickOutter.uasset" 480
"../../../Engine/Content/Tutorial/ContentIntroCurve.uasset" 481
"../../../Engine/Content/Tutorial/Basics/LevelEditorAttract.uasset" 482
"../../../Engine/Content/Tutorial/BlueprintTutorials/TutorialAssets/Blueprint_64x.uasset" 483
"../../../Engine/Content/Tutorial/BlueprintTutorials/BlueprintEditorTutorial.uasset" 484
"../../../Engine/Content/VREditor/LaserPointer/VR_LaserPower_01.uasset" 485
"../../../Engine/Content/VREditor/TransformGizmo/TransformGizmoMaterial.uasset" 486
"../../../Engine/Content/VREditor/TransformGizmo/TranslucentTransformGizmoMaterial.uasset" 487
"../../../Engine/Content/VREditor/TransformGizmo/BoundingBoxCorner.uasset" 488
"../../../Engine/Content/VREditor/TransformGizmo/BoundingBoxEdge.uasset" 489
"../../../Engine/Content/VREditor/TransformGizmo/PlaneTranslationHandle.uasset" 490
"../../../Engine/Content/VREditor/TransformGizmo/Main.uasset" 491
"../../../Engine/Content/VREditor/TransformGizmo/Xray.uasset" 492
"../../../Engine/Content/VREditor/TransformGizmo/SM_Sequencer_Key.uasset" 493
"../../../Engine/Content/VREditor/TransformGizmo/SM_Sequencer_Node.uasset" 494
"../../Plugins/2D/Paper2D/Content/PlaceholderTextures/DummySpriteTexture.uasset" 495
"../../Plugins/2D/Paper2D/Content/DummySprite.uasset" 496
"../../Plugins/2D/Paper2D/Content/DefaultPaperTerrainMaterial.uasset" 497
"../../Plugins/2D/Paper2D/Content/DummySpriteTexture.uasset" 498
"../../Plugins/2D/Paper2D/Content/DefaultSpriteMaterial.uasset" 499
"../../Plugins/2D/Paper2D/Content/MaskedUnlitSpriteMaterial.uasset" 500
"../../Plugins/2D/Paper2D/Content/OpaqueUnlitSpriteMaterial.uasset" 501
"../../../../../../Users/Thunder/workspace/GameStuff/ForSakenFuture/Content/Maps/Entry.umap" 502
"../../../../../../Users/Thunder/workspace/GameStuff/ForSakenFuture/Content/BluePrints/MainMenu/FF_MainGameMode.uasset" 503
"../../../../../../Users/Thunder/workspace/GameStuff/ForSakenFuture/Content/Sound/MainMenu/ForSaken1.uasset" 504
"../../../../../../Users/Thunder/workspace/GameStuff/ForSakenFuture/Content/Sound/MainMenu/MainMenu.uasset" 505
"../../../../../../Users/Thunder/workspace/GameStuff/ForSakenFuture/Content/Maps/MainMenu.umap" 506
"../../../Engine/Content/EngineSky/C_Sky_Cloud_Color.uasset" 507
"../../../Engine/Content/EngineSky/C_Sky_Horizon_Color.uasset" 508
"../../../Engine/Content/EngineSky/C_Sky_Zenith_Color.uasset" 509
"../../../Engine/Content/EngineSky/T_Sky_Blue.uasset" 510
"../../../Engine/Content/EngineSky/T_Sky_Clouds_M.uasset" 511
"../../../Engine/Content/EngineSky/T_Sky_Stars.uasset" 512
"../../../Engine/Content/EngineSky/M_Sky_Panning_Clouds2.uasset" 513
"../../../Engine/Content/EngineSky/SM_SkySphere.uasset" 514
"../../../Engine/Content/EngineSky/BP_Sky_Sphere.uasset" 515
"../../../../../../Users/Thunder/workspace/GameStuff/ForSakenFuture/Content/Models/characters/anims/Jumping1.uasset" 516
"../../../../../../Users/Thunder/workspace/GameStuff/ForSakenFuture/Content/Models/characters/anims/Fast_Run.uasset" 517
"../../../../../../Users/Thunder/workspace/GameStuff/ForSakenFuture/Content/Models/characters/anims/Idle_1_.uasset" 518
"../../../../../../Users/Thunder/workspace/GameStuff/ForSakenFuture/Content/Models/characters/anims/Running.uasset" 519
"../../../../../../Users/Thunder/workspace/GameStuff/ForSakenFuture/Content/Models/characters/anims/Walking.uasset" 520
"../../../../../../Users/Thunder/workspace/GameStuff/ForSakenFuture/Content/BluePrints/Characters/IdleToRun.uasset" 521
"../../../../../../Users/Thunder/workspace/GameStuff/ForSakenFuture/Content/BluePrints/Characters/MasterAnims.uasset" 522
"../../../../../../Users/Thunder/workspace/GameStuff/ForSakenFuture/Content/Models/characters/anims/Idle_2_.uasset" 523
"../../../Engine/Content/Functions/Engine_MaterialFunctions02/Math/InverseTransformMatrix.uasset" 524
"../../../../../../Users/Thunder/workspace/GameStuff/ForSakenFuture/Content/Models/characters/FemaleBase_packed0_diffuse.uasset" 525
"../../../../../../Users/Thunder/workspace/GameStuff/ForSakenFuture/Content/Models/characters/FemaleBase_packed0_gloss.uasset" 526
"../../../../../../Users/Thunder/workspace/GameStuff/ForSakenFuture/Content/Models/characters/FemaleBase_packed0_normal.uasset" 527
"../../../../../../Users/Thunder/workspace/GameStuff/ForSakenFuture/Content/Models/characters/FemaleBase_packed0_specular.uasset" 528
"../../../../../../Users/Thunder/workspace/GameStuff/ForSakenFuture/Content/Models/characters/FemaleBase_Mat.uasset" 529
"../../../../../../Users/Thunder/workspace/GameStuff/ForSakenFuture/Content/Models/characters/FemaleBase_PhysicsAsset.uasset" 530
"../../../../../../Users/Thunder/workspace/GameStuff/ForSakenFuture/Content/Models/characters/FemaleBase.uasset" 531
"../../../../../../Users/Thunder/workspace/GameStuff/ForSakenFuture/Content/Models/characters/MaleBase_packed0_diffuse.uasset" 532
"../../../../../../Users/Thunder/workspace/GameStuff/ForSakenFuture/Content/Models/characters/MaleBase_packed0_gloss.uasset" 533
"../../../../../../Users/Thunder/workspace/GameStuff/ForSakenFuture/Content/Models/characters/MaleBase_packed0_normal.uasset" 534
"../../../../../../Users/Thunder/workspace/GameStuff/ForSakenFuture/Content/Models/characters/MaleBase_packed0_specular.uasset" 535
"../../../../../../Users/Thunder/workspace/GameStuff/ForSakenFuture/Content/Models/characters/MaleBase_Mat.uasset" 536
"../../../../../../Users/Thunder/workspace/GameStuff/ForSakenFuture/Content/Models/characters/MaleBase_PhysicsAsset.uasset" 537
"../../../../../../Users/Thunder/workspace/GameStuff/ForSakenFuture/Content/Models/characters/MaleBase.uasset" 538
"../../../../../../Users/Thunder/workspace/GameStuff/ForSakenFuture/Content/Ui/Images/InGame/banner.uasset" 539
"../../../../../../Users/Thunder/workspace/GameStuff/ForSakenFuture/Content/Ui/Images/InGame/barframe.uasset" 540
"../../../../../../Users/Thunder/workspace/GameStuff/ForSakenFuture/Content/Ui/Images/InGame/bframe.uasset" 541
"../../../../../../Users/Thunder/workspace/GameStuff/ForSakenFuture/Content/Ui/Images/InGame/EmptyActionbar.uasset" 542
"../../../../../../Users/Thunder/workspace/GameStuff/ForSakenFuture/Content/Ui/Ingame/InGameHud.uasset" 543
"../../../../../../Users/Thunder/workspace/GameStuff/ForSakenFuture/Content/BluePrints/Characters/PlayerCharacter.uasset" 544
"../../../../../../Users/Thunder/workspace/GameStuff/ForSakenFuture/Content/BluePrints/Game/FF_GameState.uasset" 545
"../../../../../../Users/Thunder/workspace/GameStuff/ForSakenFuture/Content/BluePrints/Game/FF_PlayerState.uasset" 546
"../../../../../../Users/Thunder/workspace/GameStuff/ForSakenFuture/Content/BluePrints/Game/FF_SpectatorPawn.uasset" 547
"../../../../../../Users/Thunder/workspace/GameStuff/ForSakenFuture/Content/BluePrints/Game/WorldGameMode.uasset" 548
"../../../../../../Users/Thunder/workspace/GameStuff/ForSakenFuture/Content/Maps/World_BuiltData.uasset" 549
"../../../../../../Users/Thunder/workspace/GameStuff/ForSakenFuture/Content/Materials/Terrain/textures/temperate_Textures/dirt_m03icmp_brown.uasset" 550
"../../../../../../Users/Thunder/workspace/GameStuff/ForSakenFuture/Content/Materials/Terrain/textures/temperate_Textures/dirt_m03icmp_brown_AO.uasset" 551
"../../../../../../Users/Thunder/workspace/GameStuff/ForSakenFuture/Content/Materials/Terrain/textures/temperate_Textures/dirt_m03icmp_brown_DISP.uasset" 552
"../../../../../../Users/Thunder/workspace/GameStuff/ForSakenFuture/Content/Materials/Terrain/textures/temperate_Textures/dirt_m03icmp_brown_NORM.uasset" 553
"../../../../../../Users/Thunder/workspace/GameStuff/ForSakenFuture/Content/Materials/Terrain/textures/temperate_Textures/dirt_m03icmp_brown_SPEC.uasset" 554
"../../../../../../Users/Thunder/workspace/GameStuff/ForSakenFuture/Content/Materials/Terrain/dirt_m03icmp_brown_Mat.uasset" 555
"../../../../../../Users/Thunder/workspace/GameStuff/ForSakenFuture/Content/Models/MapObjects/Buildings/BrokenHouse1/Dark_Concrete.uasset" 556
"../../../../../../Users/Thunder/workspace/GameStuff/ForSakenFuture/Content/Models/MapObjects/Buildings/BrokenHouse1/Dark_Concrete_AO.uasset" 557
"../../../../../../Users/Thunder/workspace/GameStuff/ForSakenFuture/Content/Models/MapObjects/Buildings/BrokenHouse1/Dark_Concrete_DISP.uasset" 558
"../../../../../../Users/Thunder/workspace/GameStuff/ForSakenFuture/Content/Models/MapObjects/Buildings/BrokenHouse1/Dark_Concrete_NORM.uasset" 559
"../../../../../../Users/Thunder/workspace/GameStuff/ForSakenFuture/Content/Models/MapObjects/Buildings/BrokenHouse1/Dark_Concrete_SPEC.uasset" 560
"../../../../../../Users/Thunder/workspace/GameStuff/ForSakenFuture/Content/Models/MapObjects/Buildings/BrokenHouse1/Material01.uasset" 561
"../../../Engine/Content/MapTemplates/SM_Template_Map_Floor.uasset" 562
"../../../../../../Users/Thunder/workspace/GameStuff/ForSakenFuture/Content/Models/MapObjects/Buildings/BrokenHouse1/broken1.uasset" 563
"../../../../../../Users/Thunder/workspace/GameStuff/ForSakenFuture/Content/Models/MapObjects/Vehicles/Van/van_AO.uasset" 564
"../../../../../../Users/Thunder/workspace/GameStuff/ForSakenFuture/Content/Models/MapObjects/Vehicles/Van/van_Diffuse.uasset" 565
"../../../../../../Users/Thunder/workspace/GameStuff/ForSakenFuture/Content/Models/MapObjects/Vehicles/Van/Van_Metallic.uasset" 566
"../../../../../../Users/Thunder/workspace/GameStuff/ForSakenFuture/Content/Models/MapObjects/Vehicles/Van/van_Normal.uasset" 567
"../../../../../../Users/Thunder/workspace/GameStuff/ForSakenFuture/Content/Models/MapObjects/Vehicles/Van/van_Roughness.uasset" 568
"../../../../../../Users/Thunder/workspace/GameStuff/ForSakenFuture/Content/Models/MapObjects/Vehicles/Van/van_shading.uasset" 569
"../../../../../../Users/Thunder/workspace/GameStuff/ForSakenFuture/Content/Models/MapObjects/Vehicles/Van/van_Texture.uasset" 570
"../../../../../../Users/Thunder/workspace/GameStuff/ForSakenFuture/Content/Models/MapObjects/Vehicles/Van/Material__105.uasset" 571
"../../../../../../Users/Thunder/workspace/GameStuff/ForSakenFuture/Content/Models/MapObjects/Vehicles/Van/van_graffiti.uasset" 572
"../../../../../../Users/Thunder/workspace/GameStuff/ForSakenFuture/Content/Maps/World.umap" 573
"../../../../../../Users/Thunder/workspace/GameStuff/ForSakenFuture/Content/StarterContent/Blueprints/Assets/FogBrightnessLUT.uasset" 574
"../../../../../../Users/Thunder/workspace/GameStuff/ForSakenFuture/Content/StarterContent/Blueprints/Assets/SunlightColorLUT.uasset" 575
"../../../../../../Users/Thunder/workspace/GameStuff/ForSakenFuture/Content/StarterContent/Blueprints/Assets/M_LightStage_Arrows.uasset" 576
"../../../Engine/Content/MapTemplates/Sky/DaylightAmbientCubemap.uasset" 577
"../../../../../../Users/Thunder/workspace/GameStuff/ForSakenFuture/Content/StarterContent/Blueprints/Assets/M_LightStage_Skybox_Master.uasset" 578
"../../../../../../Users/Thunder/workspace/GameStuff/ForSakenFuture/Content/StarterContent/Blueprints/Assets/M_LightStage_Skybox_Black.uasset" 579
"../../../../../../Users/Thunder/workspace/GameStuff/ForSakenFuture/Content/StarterContent/Blueprints/Assets/M_LightStage_Skybox_HDRI.uasset" 580
"../../../Engine/Content/EditorMaterials/Thumbnails/SkySphereMaterial.uasset" 581
"../../../../../../Users/Thunder/workspace/GameStuff/ForSakenFuture/Content/StarterContent/Blueprints/Assets/Skybox.uasset" 582
"../../../../../../Users/Thunder/workspace/GameStuff/ForSakenFuture/Content/StarterContent/Blueprints/Assets/SM_Arrows.uasset" 583
"../../../../../../Users/Thunder/workspace/GameStuff/ForSakenFuture/Content/StarterContent/HDRI/HDRI_Epic_Courtyard_Daylight.uasset" 584
"../../../../../../Users/Thunder/workspace/GameStuff/ForSakenFuture/Content/StarterContent/Blueprints/BP_LightStudio.uasset" 585
"../../../../../../Users/Thunder/workspace/GameStuff/ForSakenFuture/Content/StarterContent/Maps/Advanced_Lighting_BuiltData.uasset" 586
"../../../../../../Users/Thunder/workspace/GameStuff/ForSakenFuture/Content/StarterContent/Materials/M_AssetPlatform.uasset" 587
"../../../Engine/Content/EditorMeshes/ColorCalibrator/M_ChromeBall.uasset" 588
"../../../Engine/Content/EditorMeshes/ColorCalibrator/M_ClearCoat.uasset" 589
"../../../Engine/Content/EditorMeshes/ColorCalibrator/M_ClearCoatBlack.uasset" 590
"../../../Engine/Content/EditorMeshes/ColorCalibrator/Color_checker.uasset" 591
"../../../Engine/Content/EditorMeshes/ColorCalibrator/M_ColorGrid.uasset" 592
"../../../Engine/Content/EditorMeshes/ColorCalibrator/M_GreyBall.uasset" 593
"../../../Engine/Content/EditorMeshes/ColorCalibrator/SM_ColorCalibrator.uasset" 594
"../../../../../../Users/Thunder/workspace/GameStuff/ForSakenFuture/Content/StarterContent/Architecture/SM_AssetPlatform.uasset" 595
"../../../../../../Users/Thunder/workspace/GameStuff/ForSakenFuture/Content/StarterContent/Maps/Advanced_Lighting.umap" 596
"../../../../../../Users/Thunder/workspace/GameStuff/ForSakenFuture/Content/StarterContent/Maps/Minimal_Default_BuiltData.uasset" 597
"../../../../../../Users/Thunder/workspace/GameStuff/ForSakenFuture/Content/StarterContent/Textures/T_MacroVariation.uasset" 598
"../../../../../../Users/Thunder/workspace/GameStuff/ForSakenFuture/Content/StarterContent/Materials/M_Metal_Brushed_Nickel.uasset" 599
"../../../../../../Users/Thunder/workspace/GameStuff/ForSakenFuture/Content/StarterContent/Textures/T_Metal_Aluminum_D.uasset" 600
"../../../../../../Users/Thunder/workspace/GameStuff/ForSakenFuture/Content/StarterContent/Textures/T_Metal_Gold_N.uasset" 601
"../../../../../../Users/Thunder/workspace/GameStuff/ForSakenFuture/Content/StarterContent/Materials/M_Metal_Burnished_Steel.uasset" 602
"../../../../../../Users/Thunder/workspace/GameStuff/ForSakenFuture/Content/StarterContent/Textures/T_Metal_Copper_D.uasset" 603
"../../../../../../Users/Thunder/workspace/GameStuff/ForSakenFuture/Content/StarterContent/Materials/M_Metal_Copper.uasset" 604
"../../../../../../Users/Thunder/workspace/GameStuff/ForSakenFuture/Content/StarterContent/Textures/T_Statue_M.uasset" 605
"../../../../../../Users/Thunder/workspace/GameStuff/ForSakenFuture/Content/StarterContent/Textures/T_Statue_N.uasset" 606
"../../../../../../Users/Thunder/workspace/GameStuff/ForSakenFuture/Content/StarterContent/Props/Materials/M_StatueGlass.uasset" 607
"../../../../../../Users/Thunder/workspace/GameStuff/ForSakenFuture/Content/StarterContent/Architecture/Floor_400x400.uasset" 608
"../../../../../../Users/Thunder/workspace/GameStuff/ForSakenFuture/Content/StarterContent/Audio/Starter_Background_Cue.uasset" 609
"../../../../../../Users/Thunder/workspace/GameStuff/ForSakenFuture/Content/StarterContent/Props/SM_Chair.uasset" 610
"../../../../../../Users/Thunder/workspace/GameStuff/ForSakenFuture/Content/StarterContent/Props/Materials/M_Statue.uasset" 611
"../../../../../../Users/Thunder/workspace/GameStuff/ForSakenFuture/Content/StarterContent/Props/SM_Statue.uasset" 612
"../../../../../../Users/Thunder/workspace/GameStuff/ForSakenFuture/Content/StarterContent/Textures/T_TableRound_M.uasset" 613
"../../../../../../Users/Thunder/workspace/GameStuff/ForSakenFuture/Content/StarterContent/Textures/T_TableRound_N.uasset" 614
"../../../../../../Users/Thunder/workspace/GameStuff/ForSakenFuture/Content/StarterContent/Props/Materials/M_TableRound.uasset" 615
"../../../../../../Users/Thunder/workspace/GameStuff/ForSakenFuture/Content/StarterContent/Props/SM_TableRound.uasset" 616
"../../../../../../Users/Thunder/workspace/GameStuff/ForSakenFuture/Content/StarterContent/Maps/Minimal_Default.umap" 617
"../../../../../../Users/Thunder/workspace/GameStuff/ForSakenFuture/Content/StarterContent/Audio/Fire01_Cue.uasset" 618
"../../../../../../Users/Thunder/workspace/GameStuff/ForSakenFuture/Content/StarterContent/Textures/T_Fire_SubUV.uasset" 619
"../../../../../../Users/Thunder/workspace/GameStuff/ForSakenFuture/Content/StarterContent/Textures/T_Fire_Tiled_D.uasset" 620
"../../../../../../Users/Thunder/workspace/GameStuff/ForSakenFuture/Content/StarterContent/Particles/Materials/M_Fire_SubUV.uasset" 621
"../../../../../../Users/Thunder/workspace/GameStuff/ForSakenFuture/Content/StarterContent/Textures/T_Water_N.uasset" 622
"../../../../../../Users/Thunder/workspace/GameStuff/ForSakenFuture/Content/StarterContent/Particles/Materials/M_Heat_Distortion.uasset" 623
"../../../../../../Users/Thunder/workspace/GameStuff/ForSakenFuture/Content/StarterContent/Particles/Materials/M_Radial_Gradient.uasset" 624
"../../../../../../Users/Thunder/workspace/GameStuff/ForSakenFuture/Content/StarterContent/Particles/P_Fire.uasset" 625
"../../../../../../Users/Thunder/workspace/GameStuff/ForSakenFuture/Content/StarterContent/Blueprints/Blueprint_Effect_Fire.uasset" 626
"../../../../../../Users/Thunder/workspace/GameStuff/ForSakenFuture/Content/StarterContent/Audio/Smoke01_Cue.uasset" 627
"../../../../../../Users/Thunder/workspace/GameStuff/ForSakenFuture/Content/StarterContent/Particles/P_Smoke.uasset" 628
"../../../../../../Users/Thunder/workspace/GameStuff/ForSakenFuture/Content/StarterContent/Blueprints/Blueprint_Effect_Smoke.uasset" 629
"../../../../../../Users/Thunder/workspace/GameStuff/ForSakenFuture/Content/StarterContent/Audio/Fire_Sparks01_Cue.uasset" 630
"../../../../../../Users/Thunder/workspace/GameStuff/ForSakenFuture/Content/StarterContent/Textures/T_Spark_Core.uasset" 631
"../../../../../../Users/Thunder/workspace/GameStuff/ForSakenFuture/Content/StarterContent/Particles/Materials/M_Spark.uasset" 632
"../../../../../../Users/Thunder/workspace/GameStuff/ForSakenFuture/Content/StarterContent/Particles/P_Sparks.uasset" 633
"../../../../../../Users/Thunder/workspace/GameStuff/ForSakenFuture/Content/StarterContent/Blueprints/Blueprint_Effect_Sparks.uasset" 634
"../../../../../../Users/Thunder/workspace/GameStuff/ForSakenFuture/Content/StarterContent/Audio/Steam01_Cue.uasset" 635
"../../../../../../Users/Thunder/workspace/GameStuff/ForSakenFuture/Content/StarterContent/Particles/P_Steam_Lit.uasset" 636
"../../../../../../Users/Thunder/workspace/GameStuff/ForSakenFuture/Content/StarterContent/Blueprints/Blueprint_Effect_Steam.uasset" 637
"../../../../../../Users/Thunder/workspace/GameStuff/ForSakenFuture/Content/StarterContent/Textures/T_Lamp_M.uasset" 638
"../../../../../../Users/Thunder/workspace/GameStuff/ForSakenFuture/Content/StarterContent/Textures/T_Lamp_N.uasset" 639
"../../../../../../Users/Thunder/workspace/GameStuff/ForSakenFuture/Content/StarterContent/Props/Materials/M_Lamp.uasset" 640
"../../../../../../Users/Thunder/workspace/GameStuff/ForSakenFuture/Content/StarterContent/Props/SM_Lamp_Ceiling.uasset" 641
"../../../../../../Users/Thunder/workspace/GameStuff/ForSakenFuture/Content/StarterContent/Blueprints/Blueprint_CeilingLight.uasset" 642
"../../../../../../Users/Thunder/workspace/GameStuff/ForSakenFuture/Content/StarterContent/Props/SM_Lamp_Wall.uasset" 643
"../../../../../../Users/Thunder/workspace/GameStuff/ForSakenFuture/Content/StarterContent/Blueprints/Blueprint_WallSconce.uasset" 644
"../../../../../../Users/Thunder/workspace/GameStuff/ForSakenFuture/Content/StarterContent/Maps/StarterMap_BuiltData.uasset" 645
"../../../Engine/Content/Functions/Engine_MaterialFunctions03/Procedurals/ComputeFilterWidth.uasset" 646
"../../../Engine/Content/EngineMaterials/AntiAliasedTextMaterialTranslucent.uasset" 647
"../../../../../../Users/Thunder/workspace/GameStuff/ForSakenFuture/Content/StarterContent/Textures/T_Brick_Clay_Beveled_D.uasset" 648
"../../../../../../Users/Thunder/workspace/GameStuff/ForSakenFuture/Content/StarterContent/Textures/T_Brick_Clay_Beveled_M.uasset" 649
"../../../../../../Users/Thunder/workspace/GameStuff/ForSakenFuture/Content/StarterContent/Textures/T_Brick_Clay_Beveled_N.uasset" 650
"../../../../../../Users/Thunder/workspace/GameStuff/ForSakenFuture/Content/StarterContent/Materials/M_Brick_Clay_Beveled.uasset" 651
"../../../../../../Users/Thunder/workspace/GameStuff/ForSakenFuture/Content/StarterContent/Textures/T_Brick_Clay_New_D.uasset" 652
"../../../../../../Users/Thunder/workspace/GameStuff/ForSakenFuture/Content/StarterContent/Textures/T_Brick_Clay_New_M.uasset" 653
"../../../../../../Users/Thunder/workspace/GameStuff/ForSakenFuture/Content/StarterContent/Textures/T_Brick_Clay_New_N.uasset" 654
"../../../../../../Users/Thunder/workspace/GameStuff/ForSakenFuture/Content/StarterContent/Materials/M_Brick_Clay_New.uasset" 655
"../../../../../../Users/Thunder/workspace/GameStuff/ForSakenFuture/Content/StarterContent/Textures/T_Brick_Clay_Old_D.uasset" 656
"../../../../../../Users/Thunder/workspace/GameStuff/ForSakenFuture/Content/StarterContent/Textures/T_Brick_Clay_Old_N.uasset" 657
"../../../../../../Users/Thunder/workspace/GameStuff/ForSakenFuture/Content/StarterContent/Textures/T_Perlin_Noise_M.uasset" 658
"../../../../../../Users/Thunder/workspace/GameStuff/ForSakenFuture/Content/StarterContent/Materials/M_Brick_Clay_Old.uasset" 659
"../../../../../../Users/Thunder/workspace/GameStuff/ForSakenFuture/Content/StarterContent/Textures/T_Brick_Cut_Stone_D.uasset" 660
"../../../../../../Users/Thunder/workspace/GameStuff/ForSakenFuture/Content/StarterContent/Textures/T_Brick_Cut_Stone_N.uasset" 661
"../../../../../../Users/Thunder/workspace/GameStuff/ForSakenFuture/Content/StarterContent/Materials/M_Brick_Cut_Stone.uasset" 662
"../../../../../../Users/Thunder/workspace/GameStuff/ForSakenFuture/Content/StarterContent/Textures/T_Brick_Hewn_Stone_D.uasset" 663
"../../../../../../Users/Thunder/workspace/GameStuff/ForSakenFuture/Content/StarterContent/Textures/T_Brick_Hewn_Stone_M.uasset" 664
"../../../../../../Users/Thunder/workspace/GameStuff/ForSakenFuture/Content/StarterContent/Textures/T_Brick_Hewn_Stone_N.uasset" 665
"../../../../../../Users/Thunder/workspace/GameStuff/ForSakenFuture/Content/StarterContent/Materials/M_Brick_Hewn_Stone.uasset" 666
"../../../../../../Users/Thunder/workspace/GameStuff/ForSakenFuture/Content/StarterContent/Textures/T_Ceramic_Tile_M.uasset" 667
"../../../../../../Users/Thunder/workspace/GameStuff/ForSakenFuture/Content/StarterContent/Textures/T_Ceramic_Tile_N.uasset" 668
"../../../../../../Users/Thunder/workspace/GameStuff/ForSakenFuture/Content/StarterContent/Textures/T_Rock_Marble_Polished_D.uasset" 669
"../../../../../../Users/Thunder/workspace/GameStuff/ForSakenFuture/Content/StarterContent/Materials/M_Ceramic_Tile_Checker.uasset" 670
"../../../../../../Users/Thunder/workspace/GameStuff/ForSakenFuture/Content/StarterContent/Textures/T_CobbleStone_Pebble_D.uasset" 671
"../../../../../../Users/Thunder/workspace/GameStuff/ForSakenFuture/Content/StarterContent/Textures/T_CobbleStone_Pebble_M.uasset" 672
"../../../../../../Users/Thunder/workspace/GameStuff/ForSakenFuture/Content/StarterContent/Textures/T_CobbleStone_Pebble_N.uasset" 673
"../../../../../../Users/Thunder/workspace/GameStuff/ForSakenFuture/Content/StarterContent/Materials/M_CobbleStone_Pebble.uasset" 674
"../../../../../../Users/Thunder/workspace/GameStuff/ForSakenFuture/Content/StarterContent/Textures/T_CobbleStone_Rough_D.uasset" 675
"../../../../../../Users/Thunder/workspace/GameStuff/ForSakenFuture/Content/StarterContent/Textures/T_CobbleStone_Rough_N.uasset" 676
"../../../../../../Users/Thunder/workspace/GameStuff/ForSakenFuture/Content/StarterContent/Textures/T_Gradinet_01.uasset" 677
"../../../../../../Users/Thunder/workspace/GameStuff/ForSakenFuture/Content/StarterContent/Textures/T_Rock_Smooth_Granite_D.uasset" 678
"../../../../../../Users/Thunder/workspace/GameStuff/ForSakenFuture/Content/StarterContent/Materials/M_CobbleStone_Rough.uasset" 679
"../../../../../../Users/Thunder/workspace/GameStuff/ForSakenFuture/Content/StarterContent/Textures/T_CobbleStone_Smooth_D.uasset" 680
"../../../../../../Users/Thunder/workspace/GameStuff/ForSakenFuture/Content/StarterContent/Textures/T_CobbleStone_Smooth_M.uasset" 681
"../../../../../../Users/Thunder/workspace/GameStuff/ForSakenFuture/Content/StarterContent/Textures/T_CobbleStone_Smooth_N.uasset" 682
"../../../../../../Users/Thunder/workspace/GameStuff/ForSakenFuture/Content/StarterContent/Materials/M_CobbleStone_Smooth.uasset" 683
"../../../../../../Users/Thunder/workspace/GameStuff/ForSakenFuture/Content/StarterContent/Textures/T_Concrete_Grime_D.uasset" 684
"../../../../../../Users/Thunder/workspace/GameStuff/ForSakenFuture/Content/StarterContent/Textures/T_Metal_Rust_N.uasset" 685
"../../../../../../Users/Thunder/workspace/GameStuff/ForSakenFuture/Content/StarterContent/Materials/M_Concrete_Grime.uasset" 686
"../../../../../../Users/Thunder/workspace/GameStuff/ForSakenFuture/Content/StarterContent/Textures/T_Concrete_Panels_D.uasset" 687
"../../../../../../Users/Thunder/workspace/GameStuff/ForSakenFuture/Content/StarterContent/Textures/T_Concrete_Panels_N.uasset" 688
"../../../../../../Users/Thunder/workspace/GameStuff/ForSakenFuture/Content/StarterContent/Materials/M_Concrete_Panels.uasset" 689
"../../../../../../Users/Thunder/workspace/GameStuff/ForSakenFuture/Content/StarterContent/Textures/T_Concrete_Poured_D.uasset" 690
"../../../../../../Users/Thunder/workspace/GameStuff/ForSakenFuture/Content/StarterContent/Textures/T_Concrete_Poured_N.uasset" 691
"../../../../../../Users/Thunder/workspace/GameStuff/ForSakenFuture/Content/StarterContent/Materials/M_Concrete_Poured.uasset" 692
"../../../../../../Users/Thunder/workspace/GameStuff/ForSakenFuture/Content/StarterContent/Textures/T_Concrete_Tiles_D.uasset" 693
"../../../../../../Users/Thunder/workspace/GameStuff/ForSakenFuture/Content/StarterContent/Textures/T_Concrete_Tiles_M.uasset" 694
"../../../../../../Users/Thunder/workspace/GameStuff/ForSakenFuture/Content/StarterContent/Textures/T_Concrete_Tiles_N.uasset" 695
"../../../../../../Users/Thunder/workspace/GameStuff/ForSakenFuture/Content/StarterContent/Textures/T_Concrete_Tiles_Variation_M.uasset" 696
"../../../../../../Users/Thunder/workspace/GameStuff/ForSakenFuture/Content/StarterContent/Materials/M_Concrete_Tiles.uasset" 697
"../../../../../../Users/Thunder/workspace/GameStuff/ForSakenFuture/Content/StarterContent/Textures/T_Ground_Grass_D.uasset" 698
"../../../../../../Users/Thunder/workspace/GameStuff/ForSakenFuture/Content/StarterContent/Textures/T_Ground_Grass_N.uasset" 699
"../../../../../../Users/Thunder/workspace/GameStuff/ForSakenFuture/Content/StarterContent/Materials/M_Ground_Grass.uasset" 700
"../../../../../../Users/Thunder/workspace/GameStuff/ForSakenFuture/Content/StarterContent/Textures/T_Ground_Gravel_D.uasset" 701
"../../../../../../Users/Thunder/workspace/GameStuff/ForSakenFuture/Content/StarterContent/Textures/T_Ground_Gravel_N.uasset" 702
"../../../../../../Users/Thunder/workspace/GameStuff/ForSakenFuture/Content/StarterContent/Materials/M_Ground_Gravel.uasset" 703
"../../../../../../Users/Thunder/workspace/GameStuff/ForSakenFuture/Content/StarterContent/Textures/T_ground_Moss_D.uasset" 704
"../../../../../../Users/Thunder/workspace/GameStuff/ForSakenFuture/Content/StarterContent/Textures/T_Ground_Moss_N.uasset" 705
"../../../../../../Users/Thunder/workspace/GameStuff/ForSakenFuture/Content/StarterContent/Materials/M_Ground_Moss.uasset" 706
"../../../../../../Users/Thunder/workspace/GameStuff/ForSakenFuture/Content/StarterContent/Materials/M_Metal_Chrome.uasset" 707
"../../../../../../Users/Thunder/workspace/GameStuff/ForSakenFuture/Content/StarterContent/Textures/T_Metal_Gold_D.uasset" 708
"../../../../../../Users/Thunder/workspace/GameStuff/ForSakenFuture/Content/StarterContent/Materials/M_Metal_Gold.uasset" 709
"../../../../../../Users/Thunder/workspace/GameStuff/ForSakenFuture/Content/StarterContent/Textures/T_Metal_Rust_D.uasset" 710
"../../../../../../Users/Thunder/workspace/GameStuff/ForSakenFuture/Content/StarterContent/Materials/M_Metal_Rust.uasset" 711
"../../../../../../Users/Thunder/workspace/GameStuff/ForSakenFuture/Content/StarterContent/Textures/T_Metal_Steel_D.uasset" 712
"../../../../../../Users/Thunder/workspace/GameStuff/ForSakenFuture/Content/StarterContent/Textures/T_Metal_Steel_N.uasset" 713
"../../../../../../Users/Thunder/workspace/GameStuff/ForSakenFuture/Content/StarterContent/Materials/M_Metal_Steel.uasset" 714
"../../../../../../Users/Thunder/workspace/GameStuff/ForSakenFuture/Content/StarterContent/Textures/T_Rock_Basalt_N.uasset" 715
"../../../../../../Users/Thunder/workspace/GameStuff/ForSakenFuture/Content/StarterContent/Materials/M_Rock_Basalt.uasset" 716
"../../../../../../Users/Thunder/workspace/GameStuff/ForSakenFuture/Content/StarterContent/Materials/M_Rock_Marble_Polished.uasset" 717
"../../../../../../Users/Thunder/workspace/GameStuff/ForSakenFuture/Content/StarterContent/Textures/T_Rock_Sandstone_D.uasset" 718
"../../../../../../Users/Thunder/workspace/GameStuff/ForSakenFuture/Content/StarterContent/Textures/T_Rock_Sandstone_N.uasset" 719
"../../../../../../Users/Thunder/workspace/GameStuff/ForSakenFuture/Content/StarterContent/Materials/M_Rock_Sandstone.uasset" 720
"../../../../../../Users/Thunder/workspace/GameStuff/ForSakenFuture/Content/StarterContent/Textures/T_Rock_Slate_D.uasset" 721
"../../../../../../Users/Thunder/workspace/GameStuff/ForSakenFuture/Content/StarterContent/Textures/T_Rock_Slate_N.uasset" 722
"../../../../../../Users/Thunder/workspace/GameStuff/ForSakenFuture/Content/StarterContent/Materials/M_Rock_Slate.uasset" 723
"../../../../../../Users/Thunder/workspace/GameStuff/ForSakenFuture/Content/StarterContent/Textures/T_Checker_Noise_M.uasset" 724
"../../../../../../Users/Thunder/workspace/GameStuff/ForSakenFuture/Content/StarterContent/Textures/T_Single_Tile_N.uasset" 725
"../../../../../../Users/Thunder/workspace/GameStuff/ForSakenFuture/Content/StarterContent/Textures/T_Tech_Dot_M.uasset" 726
"../../../../../../Users/Thunder/workspace/GameStuff/ForSakenFuture/Content/StarterContent/Textures/T_Tech_Dot_N.uasset" 727
"../../../../../../Users/Thunder/workspace/GameStuff/ForSakenFuture/Content/StarterContent/Materials/M_Tech_Checker_Dot.uasset" 728
"../../../../../../Users/Thunder/workspace/GameStuff/ForSakenFuture/Content/StarterContent/Textures/T_Tech_Hex_Tile_M.uasset" 729
"../../../../../../Users/Thunder/workspace/GameStuff/ForSakenFuture/Content/StarterContent/Textures/T_Tech_Hex_Tile_N.uasset" 730
"../../../../../../Users/Thunder/workspace/GameStuff/ForSakenFuture/Content/StarterContent/Materials/M_Tech_Hex_Tile.uasset" 731
"../../../../../../Users/Thunder/workspace/GameStuff/ForSakenFuture/Content/StarterContent/Materials/M_Tech_Hex_Tile_Pulse.uasset" 732
"../../../../../../Users/Thunder/workspace/GameStuff/ForSakenFuture/Content/StarterContent/Textures/T_Tech_Panel_M.uasset" 733
"../../../../../../Users/Thunder/workspace/GameStuff/ForSakenFuture/Content/StarterContent/Textures/T_Tech_Panel_N.uasset" 734
"../../../../../../Users/Thunder/workspace/GameStuff/ForSakenFuture/Content/StarterContent/Materials/M_Tech_Panel.uasset" 735
"../../../../../../Users/Thunder/workspace/GameStuff/ForSakenFuture/Content/StarterContent/Materials/M_Water_Lake.uasset" 736
"../../../../../../Users/Thunder/workspace/GameStuff/ForSakenFuture/Content/StarterContent/Textures/T_Water_M.uasset" 737
"../../../../../../Users/Thunder/workspace/GameStuff/ForSakenFuture/Content/StarterContent/Materials/M_Water_Ocean.uasset" 738
"../../../../../../Users/Thunder/workspace/GameStuff/ForSakenFuture/Content/StarterContent/Textures/T_Wood_Floor_Walnut_D.uasset" 739
"../../../../../../Users/Thunder/workspace/GameStuff/ForSakenFuture/Content/StarterContent/Textures/T_Wood_Floor_Walnut_M.uasset" 740
"../../../../../../Users/Thunder/workspace/GameStuff/ForSakenFuture/Content/StarterContent/Textures/T_Wood_Floor_Walnut_N.uasset" 741
"../../../../../../Users/Thunder/workspace/GameStuff/ForSakenFuture/Content/StarterContent/Materials/M_Wood_Floor_Walnut_Polished.uasset" 742
"../../../Engine/Content/Functions/Engine_MaterialFunctions01/Opacity/AlphaOffset.uasset" 743
"../../../../../../Users/Thunder/workspace/GameStuff/ForSakenFuture/Content/StarterContent/Materials/M_Wood_Floor_Walnut_Worn.uasset" 744
"../../../../../../Users/Thunder/workspace/GameStuff/ForSakenFuture/Content/StarterContent/Textures/T_Wood_Oak_D.uasset" 745
"../../../../../../Users/Thunder/workspace/GameStuff/ForSakenFuture/Content/StarterContent/Textures/T_Wood_Oak_N.uasset" 746
"../../../../../../Users/Thunder/workspace/GameStuff/ForSakenFuture/Content/StarterContent/Materials/M_Wood_Oak.uasset" 747
"../../../../../../Users/Thunder/workspace/GameStuff/ForSakenFuture/Content/StarterContent/Textures/T_Wood_Pine_D.uasset" 748
"../../../../../../Users/Thunder/workspace/GameStuff/ForSakenFuture/Content/StarterContent/Textures/T_Wood_Pine_N.uasset" 749
"../../../../../../Users/Thunder/workspace/GameStuff/ForSakenFuture/Content/StarterContent/Materials/M_Wood_Pine.uasset" 750
"../../../../../../Users/Thunder/workspace/GameStuff/ForSakenFuture/Content/StarterContent/Textures/T_Wood_Walnut_D.uasset" 751
"../../../../../../Users/Thunder/workspace/GameStuff/ForSakenFuture/Content/StarterContent/Textures/T_Wood_Walnut_N.uasset" 752
"../../../../../../Users/Thunder/workspace/GameStuff/ForSakenFuture/Content/StarterContent/Materials/M_Wood_Walnut.uasset" 753
"../../../../../../Users/Thunder/workspace/GameStuff/ForSakenFuture/Content/StarterContent/Architecture/Wall_400x200.uasset" 754
"../../../../../../Users/Thunder/workspace/GameStuff/ForSakenFuture/Content/StarterContent/Architecture/Wall_Door_400x300.uasset" 755
"../../../../../../Users/Thunder/workspace/GameStuff/ForSakenFuture/Content/StarterContent/Architecture/Wall_Window_400x300.uasset" 756
"../../../../../../Users/Thunder/workspace/GameStuff/ForSakenFuture/Content/StarterContent/Audio/Collapse_Cue.uasset" 757
"../../../../../../Users/Thunder/workspace/GameStuff/ForSakenFuture/Content/StarterContent/Audio/Starter_Music_Cue.uasset" 758
"../../../../../../Users/Thunder/workspace/GameStuff/ForSakenFuture/Content/StarterContent/Textures/T_Dust_Particle_D.uasset" 759
"../../../../../../Users/Thunder/workspace/GameStuff/ForSakenFuture/Content/StarterContent/Particles/Materials/M_Dust_Particle.uasset" 760
"../../../../../../Users/Thunder/workspace/GameStuff/ForSakenFuture/Content/StarterContent/Particles/P_Ambient_Dust.uasset" 761
"../../../../../../Users/Thunder/workspace/GameStuff/ForSakenFuture/Content/StarterContent/Props/MaterialSphere.uasset" 762
"../../../../../../Users/Thunder/workspace/GameStuff/ForSakenFuture/Content/StarterContent/Textures/T_Frame_M.uasset" 763
"../../../../../../Users/Thunder/workspace/GameStuff/ForSakenFuture/Content/StarterContent/Textures/T_Frame_N.uasset" 764
"../../../../../../Users/Thunder/workspace/GameStuff/ForSakenFuture/Content/StarterContent/Props/Materials/M_Frame.uasset" 765
"../../../../../../Users/Thunder/workspace/GameStuff/ForSakenFuture/Content/StarterContent/Props/SM_CornerFrame.uasset" 766
"../../../../../../Users/Thunder/workspace/GameStuff/ForSakenFuture/Content/StarterContent/Props/SM_DoorFrame.uasset" 767
"../../../../../../Users/Thunder/workspace/GameStuff/ForSakenFuture/Content/StarterContent/Props/SM_GlassWindow.uasset" 768
"../../../../../../Users/Thunder/workspace/GameStuff/ForSakenFuture/Content/StarterContent/Props/SM_PillarFrame.uasset" 769
"../../../../../../Users/Thunder/workspace/GameStuff/ForSakenFuture/Content/StarterContent/Props/SM_PillarFrame300.uasset" 770
"../../../../../../Users/Thunder/workspace/GameStuff/ForSakenFuture/Content/StarterContent/Props/SM_WindowFrame.uasset" 771
"../../../../../../Users/Thunder/workspace/GameStuff/ForSakenFuture/Content/StarterContent/Shapes/Shape_Cube.uasset" 772
"../../../../../../Users/Thunder/workspace/GameStuff/ForSakenFuture/Content/StarterContent/Shapes/Shape_QuadPyramid.uasset" 773
"../../../../../../Users/Thunder/workspace/GameStuff/ForSakenFuture/Content/StarterContent/Shapes/Shape_Sphere.uasset" 774
"../../../../../../Users/Thunder/workspace/GameStuff/ForSakenFuture/Content/StarterContent/Maps/StarterMap.umap" 775
"../../../Engine/Content/Maps/Entry_BuiltData.uasset" 776
"../../../Engine/Content/Maps/Entry.umap" 777
